[32minfo[39m: ::1 - - [22/Jan/2025:06:51:22 +0000] "POST /api/auth/signin HTTP/1.1" 404 79 "-" "PostmanRuntime/7.43.0" {"timestamp":"2025-01-22T06:51:22.233Z"}
[32minfo[39m: Login successful!!! {"timestamp":"2025-01-22T06:52:43.747Z"}
[32minfo[39m: ::1 - - [22/Jan/2025:06:52:43 +0000] "POST /api/auth/signin HTTP/1.1" 200 523 "-" "PostmanRuntime/7.43.0" {"timestamp":"2025-01-22T06:52:43.749Z"}
2025-01-22T06:53:37.977Z [:info] Login successful!!!
2025-01-22T06:53:37.979Z [:info] ::1 - - [22/Jan/2025:06:53:37 +0000] "POST /api/auth/signin HTTP/1.1" 200 523 "-" "PostmanRuntime/7.43.0"
2025-01-22T06:54:52.054Z [:[32minfo[39m] Login successful!!!
2025-01-22T06:54:52.057Z [:[32minfo[39m] ::1 - - [22/Jan/2025:06:54:52 +0000] "POST /api/auth/signin HTTP/1.1" 200 523 "-" "PostmanRuntime/7.43.0"
2025-01-22T08:34:46.289Z [:[32minfo[39m] Login successful!!!
2025-01-22T08:34:46.291Z [:[32minfo[39m] ::1 - - [22/Jan/2025:08:34:46 +0000] "POST /api/auth/signin HTTP/1.1" 200 534 "-" "PostmanRuntime/7.43.0"
2025-01-22T09:13:40.608Z [:[32minfo[39m] Login successful!!!
2025-01-22T09:13:40.609Z [:[32minfo[39m] ::1 - - [22/Jan/2025:09:13:40 +0000] "POST /api/auth/signin HTTP/1.1" 200 534 "-" "PostmanRuntime/7.43.0"
2025-01-22T09:14:32.671Z [:[32minfo[39m] ::1 - - [22/Jan/2025:09:14:32 +0000] "GET /api/users/ HTTP/1.1" 200 61 "-" "PostmanRuntime/7.43.0"
2025-01-22T09:14:46.113Z [:[32minfo[39m] ::1 - - [22/Jan/2025:09:14:46 +0000] "GET /api/users/ HTTP/1.1" 200 61 "-" "PostmanRuntime/7.43.0"
2025-01-22T09:15:06.809Z [:[32minfo[39m] ::1 - - [22/Jan/2025:09:15:06 +0000] "GET /api/users/ HTTP/1.1" 200 61 "-" "PostmanRuntime/7.43.0"
2025-01-22T09:15:30.910Z [:[32minfo[39m] ::1 - - [22/Jan/2025:09:15:30 +0000] "GET /api/users/ HTTP/1.1" 200 1081 "-" "PostmanRuntime/7.43.0"
2025-01-22T17:10:29.043Z [:[32minfo[39m] ::1 - - [22/Jan/2025:17:10:29 +0000] "PATCH /api/user/update/5 HTTP/1.1" 404 158 "-" "PostmanRuntime/7.43.0"
2025-01-22T17:14:53.180Z [:[31merror[39m] 
Invalid `prisma.users.findUnique()` invocation:


Can't reach database server at `dpg-cu7uv8dumphs73bhp9v0-a.singapore-postgres.render.com:5432`

Please make sure your database server is running at `dpg-cu7uv8dumphs73bhp9v0-a.singapore-postgres.render.com:5432`.
2025-01-22T17:14:53.183Z [:[31merror[39m] User does not exist. Please sign up.
2025-01-22T17:14:53.188Z [:[32minfo[39m] ::1 - - [22/Jan/2025:17:14:53 +0000] "POST /api/auth/signin HTTP/1.1" 404 79 "-" "PostmanRuntime/7.43.0"
2025-01-22T17:15:47.072Z [:[32minfo[39m] Login successful!!!
2025-01-22T17:15:47.072Z [:[32minfo[39m] ::1 - - [22/Jan/2025:17:15:47 +0000] "POST /api/auth/signin HTTP/1.1" 200 534 "-" "PostmanRuntime/7.43.0"
2025-01-22T17:17:08.561Z [:[32minfo[39m] ::1 - - [22/Jan/2025:17:17:08 +0000] "PATCH /api/users/update/5 HTTP/1.1" 200 1564 "-" "PostmanRuntime/7.43.0"
2025-01-22T17:17:58.777Z [:[31merror[39m] 
Invalid `prisma.users.findUnique()` invocation:


Can't reach database server at `dpg-cu7uv8dumphs73bhp9v0-a.singapore-postgres.render.com:5432`

Please make sure your database server is running at `dpg-cu7uv8dumphs73bhp9v0-a.singapore-postgres.render.com:5432`.
2025-01-22T17:17:58.780Z [:[31merror[39m] User not found!!!
2025-01-22T17:17:58.784Z [:[32minfo[39m] ::1 - - [22/Jan/2025:17:17:58 +0000] "PATCH /api/users/update/5 HTTP/1.1" 404 60 "-" "PostmanRuntime/7.43.0"
2025-01-22T17:18:52.575Z [:[31merror[39m] Cannot read properties of undefined (reading 'id')
2025-01-22T17:18:52.578Z [:[31merror[39m] Cannot read properties of undefined (reading 'length')
2025-01-22T17:20:10.903Z [:[31merror[39m] Cannot read properties of undefined (reading 'id')
2025-01-22T17:20:10.907Z [:[32minfo[39m] Updated successfully
2025-01-22T17:20:10.914Z [:[32minfo[39m] ::1 - - [22/Jan/2025:17:20:10 +0000] "PATCH /api/users/update/5 HTTP/1.1" 200 63 "-" "PostmanRuntime/7.43.0"
2025-01-22T17:20:25.021Z [:[32minfo[39m] ::1 - - [22/Jan/2025:17:20:25 +0000] "GET /api/users/ HTTP/1.1" 200 1564 "-" "PostmanRuntime/7.43.0"
2025-01-22T17:21:23.258Z [:[31merror[39m] 
Invalid `prisma.users.findUnique()` invocation:


Can't reach database server at `dpg-cu7uv8dumphs73bhp9v0-a.singapore-postgres.render.com:5432`

Please make sure your database server is running at `dpg-cu7uv8dumphs73bhp9v0-a.singapore-postgres.render.com:5432`.
2025-01-22T17:21:23.260Z [:[31merror[39m] User not found!!!
2025-01-22T17:21:23.264Z [:[32minfo[39m] ::1 - - [22/Jan/2025:17:21:23 +0000] "GET /api/users/ HTTP/1.1" 404 60 "-" "PostmanRuntime/7.43.0"
2025-01-22T17:21:26.960Z [:[31merror[39m] Cannot read properties of undefined (reading 'id')
2025-01-22T17:21:26.961Z [:[32minfo[39m] Updated successfully
2025-01-22T17:21:26.963Z [:[32minfo[39m] ::1 - - [22/Jan/2025:17:21:26 +0000] "PATCH /api/users/update/5 HTTP/1.1" 200 63 "-" "PostmanRuntime/7.43.0"
2025-01-22T17:22:58.747Z [:[31merror[39m] 
Invalid `prisma.users.findUnique()` invocation:


Can't reach database server at `dpg-cu7uv8dumphs73bhp9v0-a.singapore-postgres.render.com:5432`

Please make sure your database server is running at `dpg-cu7uv8dumphs73bhp9v0-a.singapore-postgres.render.com:5432`.
2025-01-22T17:22:58.750Z [:[31merror[39m] User not found!!!
2025-01-22T17:22:58.756Z [:[32minfo[39m] ::1 - - [22/Jan/2025:17:22:58 +0000] "PATCH /api/users/update/5 HTTP/1.1" 404 60 "-" "PostmanRuntime/7.43.0"
2025-01-22T17:23:07.922Z [:[31merror[39m] 
Invalid `prisma.users.findUnique()` invocation:


Can't reach database server at `dpg-cu7uv8dumphs73bhp9v0-a.singapore-postgres.render.com:5432`

Please make sure your database server is running at `dpg-cu7uv8dumphs73bhp9v0-a.singapore-postgres.render.com:5432`.
2025-01-22T17:23:07.922Z [:[31merror[39m] User not found!!!
2025-01-22T17:23:07.924Z [:[32minfo[39m] ::1 - - [22/Jan/2025:17:23:07 +0000] "PATCH /api/users/update/5 HTTP/1.1" 404 60 "-" "PostmanRuntime/7.43.0"
2025-01-22T17:23:21.061Z [:[31merror[39m] 
Invalid `prisma.users.findUnique()` invocation:


Can't reach database server at `dpg-cu7uv8dumphs73bhp9v0-a.singapore-postgres.render.com:5432`

Please make sure your database server is running at `dpg-cu7uv8dumphs73bhp9v0-a.singapore-postgres.render.com:5432`.
2025-01-22T17:23:21.062Z [:[31merror[39m] User not found!!!
2025-01-22T17:23:21.064Z [:[32minfo[39m] ::1 - - [22/Jan/2025:17:23:21 +0000] "PATCH /api/users/update/5 HTTP/1.1" 404 60 "-" "PostmanRuntime/7.43.0"
2025-01-22T17:23:40.010Z [:[31merror[39m] Cannot read properties of undefined (reading 'id')
2025-01-22T17:23:40.014Z [:[32minfo[39m] Updated successfully
2025-01-22T17:23:40.020Z [:[32minfo[39m] ::1 - - [22/Jan/2025:17:23:40 +0000] "PATCH /api/users/update/5 HTTP/1.1" 200 63 "-" "PostmanRuntime/7.43.0"
2025-01-22T17:24:26.135Z [:[31merror[39m] Cannot read properties of undefined (reading 'id')
2025-01-22T17:24:26.309Z [:[32minfo[39m] Updated successfully
2025-01-22T17:24:26.317Z [:[32minfo[39m] ::1 - - [22/Jan/2025:17:24:26 +0000] "PATCH /api/users/update/5 HTTP/1.1" 200 63 "-" "PostmanRuntime/7.43.0"
2025-01-22T17:26:03.955Z [:[31merror[39m] Cannot read properties of undefined (reading 'id')
2025-01-22T17:26:04.186Z [:[32minfo[39m] Updated successfully
2025-01-22T17:26:04.194Z [:[32minfo[39m] ::1 - - [22/Jan/2025:17:26:04 +0000] "PATCH /api/users/update/5 HTTP/1.1" 200 63 "-" "PostmanRuntime/7.43.0"
2025-01-22T17:26:30.740Z [:[31merror[39m] Cannot read properties of undefined (reading 'id')
2025-01-22T17:26:30.916Z [:[32minfo[39m] Updated successfully
2025-01-22T17:26:30.924Z [:[32minfo[39m] ::1 - - [22/Jan/2025:17:26:30 +0000] "PATCH /api/users/update/5 HTTP/1.1" 200 63 "-" "PostmanRuntime/7.43.0"
2025-01-22T17:27:46.880Z [:[32minfo[39m] Updated successfully
2025-01-22T17:27:46.891Z [:[32minfo[39m] ::1 - - [22/Jan/2025:17:27:46 +0000] "PATCH /api/users/update/5 HTTP/1.1" 200 543 "-" "PostmanRuntime/7.43.0"
2025-01-22T17:29:50.268Z [:[31merror[39m] comsole is not defined
2025-01-22T17:29:50.270Z [:[32minfo[39m] Updated successfully
2025-01-22T17:29:50.277Z [:[32minfo[39m] ::1 - - [22/Jan/2025:17:29:50 +0000] "PATCH /api/users/update/5 HTTP/1.1" 200 543 "-" "PostmanRuntime/7.43.0"
2025-01-22T17:30:06.860Z [:[32minfo[39m] Updated successfully
2025-01-22T17:30:06.870Z [:[32minfo[39m] ::1 - - [22/Jan/2025:17:30:06 +0000] "PATCH /api/users/update/5 HTTP/1.1" 200 543 "-" "PostmanRuntime/7.43.0"
2025-01-22T17:31:56.336Z [:[32minfo[39m] Updated successfully
2025-01-22T17:31:56.347Z [:[32minfo[39m] ::1 - - [22/Jan/2025:17:31:56 +0000] "PATCH /api/users/update/5 HTTP/1.1" 200 543 "-" "PostmanRuntime/7.43.0"
2025-01-22T17:35:04.168Z [:[31merror[39m] Assignment to constant variable.
2025-01-22T17:35:04.170Z [:[32minfo[39m] Updated successfully
2025-01-22T17:35:04.173Z [:[32minfo[39m] ::1 - - [22/Jan/2025:17:35:04 +0000] "PATCH /api/users/update/5 HTTP/1.1" 200 543 "-" "PostmanRuntime/7.43.0"
2025-01-22T17:35:15.987Z [:[32minfo[39m] Updated successfully
2025-01-22T17:35:15.997Z [:[32minfo[39m] ::1 - - [22/Jan/2025:17:35:15 +0000] "PATCH /api/users/update/5 HTTP/1.1" 200 543 "-" "PostmanRuntime/7.43.0"
2025-01-22T17:37:54.937Z [:[32minfo[39m] Updated successfully
2025-01-22T17:37:54.945Z [:[32minfo[39m] ::1 - - [22/Jan/2025:17:37:54 +0000] "PATCH /api/users/update/5 HTTP/1.1" 200 543 "-" "PostmanRuntime/7.43.0"
2025-01-22T17:42:03.852Z [:[32minfo[39m] Updated successfully
2025-01-22T17:42:03.862Z [:[32minfo[39m] ::1 - - [22/Jan/2025:17:42:03 +0000] "PATCH /api/users/update/5 HTTP/1.1" 200 543 "-" "PostmanRuntime/7.43.0"
2025-01-22T17:42:40.557Z [:[31merror[39m] 
Invalid `prisma.users.findUnique()` invocation:


Can't reach database server at `dpg-cu7uv8dumphs73bhp9v0-a.singapore-postgres.render.com:5432`

Please make sure your database server is running at `dpg-cu7uv8dumphs73bhp9v0-a.singapore-postgres.render.com:5432`.
2025-01-22T17:42:40.560Z [:[31merror[39m] User not found!!!
2025-01-22T17:42:40.566Z [:[32minfo[39m] ::1 - - [22/Jan/2025:17:42:40 +0000] "PATCH /api/users/update/5 HTTP/1.1" 404 60 "-" "PostmanRuntime/7.43.0"
2025-01-22T17:42:44.677Z [:[32minfo[39m] Updated successfully
2025-01-22T17:42:44.679Z [:[32minfo[39m] ::1 - - [22/Jan/2025:17:42:44 +0000] "PATCH /api/users/update/5 HTTP/1.1" 200 543 "-" "PostmanRuntime/7.43.0"
2025-01-22T17:43:27.816Z [:[32minfo[39m] Updated successfully
2025-01-22T17:43:27.824Z [:[32minfo[39m] ::1 - - [22/Jan/2025:17:43:27 +0000] "PATCH /api/users/update/5 HTTP/1.1" 200 543 "-" "PostmanRuntime/7.43.0"
2025-01-22T17:46:06.433Z [:[31merror[39m] Cannot access 'profilePercentage' before initialization
2025-01-22T17:46:33.097Z [:[31merror[39m] 
Invalid `prisma.users.findUnique()` invocation:


Can't reach database server at `dpg-cu7uv8dumphs73bhp9v0-a.singapore-postgres.render.com:5432`

Please make sure your database server is running at `dpg-cu7uv8dumphs73bhp9v0-a.singapore-postgres.render.com:5432`.
2025-01-22T17:46:33.100Z [:[31merror[39m] User not found!!!
2025-01-22T17:46:33.108Z [:[32minfo[39m] ::1 - - [22/Jan/2025:17:46:33 +0000] "PATCH /api/users/update/5 HTTP/1.1" 404 60 "-" "PostmanRuntime/7.43.0"
2025-01-22T17:46:42.449Z [:[31merror[39m] Cannot access 'profilePercentage' before initialization
2025-01-22T17:47:01.299Z [:[32minfo[39m] ::1 - - [22/Jan/2025:17:47:01 +0000] "PATCH /api/users/update/5 HTTP/1.1" - - "-" "PostmanRuntime/7.43.0"
2025-01-22T17:47:03.719Z [:[31merror[39m] Cannot access 'profilePercentage' before initialization
2025-01-22T17:47:20.813Z [:[32minfo[39m] Updated successfully
2025-01-22T17:47:20.824Z [:[32minfo[39m] ::1 - - [22/Jan/2025:17:47:20 +0000] "PATCH /api/users/update/5 HTTP/1.1" 200 552 "-" "PostmanRuntime/7.43.0"
2025-01-22T17:48:13.558Z [:[31merror[39m] 
Invalid `prisma.users.findUnique()` invocation:


Can't reach database server at `dpg-cu7uv8dumphs73bhp9v0-a.singapore-postgres.render.com:5432`

Please make sure your database server is running at `dpg-cu7uv8dumphs73bhp9v0-a.singapore-postgres.render.com:5432`.
2025-01-22T17:48:13.561Z [:[31merror[39m] User not found!!!
2025-01-22T17:48:13.570Z [:[32minfo[39m] ::1 - - [22/Jan/2025:17:48:13 +0000] "PATCH /api/users/update/5 HTTP/1.1" 404 60 "-" "PostmanRuntime/7.43.0"
2025-01-22T17:48:19.219Z [:[32minfo[39m] Updated successfully
2025-01-22T17:48:19.221Z [:[32minfo[39m] ::1 - - [22/Jan/2025:17:48:19 +0000] "PATCH /api/users/update/5 HTTP/1.1" 200 575 "-" "PostmanRuntime/7.43.0"
2025-01-23T04:47:38.850Z [:[32minfo[39m] Login successful!!!
2025-01-23T04:47:38.852Z [:[32minfo[39m] ::1 - - [23/Jan/2025:04:47:38 +0000] "POST /api/auth/signin HTTP/1.1" 200 534 "-" "PostmanRuntime/7.43.0"
2025-01-23T04:48:17.213Z [:[32minfo[39m] Updated successfully
2025-01-23T04:48:17.215Z [:[32minfo[39m] ::1 - - [23/Jan/2025:04:48:17 +0000] "PATCH /api/users/update/5 HTTP/1.1" 200 580 "-" "PostmanRuntime/7.43.0"
2025-01-23T05:05:53.517Z [:[32minfo[39m] Updated successfully
2025-01-23T05:05:53.520Z [:[32minfo[39m] ::1 - - [23/Jan/2025:05:05:53 +0000] "PATCH /api/users/update/5 HTTP/1.1" 200 580 "-" "PostmanRuntime/7.43.0"
2025-01-23T05:06:23.686Z [:[31merror[39m] 
Invalid `prisma.users.update()` invocation:

{
  where: {
    id: 5
  },
  data: {
    dateOfJoining: new Date("Invalid Date"),
                   ~~~~~~~~~~~~~~~~~~~~~~~~
    phase: "Phase 1",
    bloodGroup: "B+ve"
  }
}

Invalid value for argument `dateOfJoining`: Provided Date object is invalid. Expected Date.
2025-01-23T05:06:23.690Z [:[31merror[39m] Cannot convert undefined or null to object
2025-01-23T05:06:23.690Z [:[32minfo[39m] Updated successfully
2025-01-23T05:06:23.697Z [:[32minfo[39m] ::1 - - [23/Jan/2025:05:06:23 +0000] "PATCH /api/users/update/5 HTTP/1.1" 200 61 "-" "PostmanRuntime/7.43.0"
2025-01-23T05:06:30.828Z [:[31merror[39m] 
Invalid `prisma.users.update()` invocation:

{
  where: {
    id: 5
  },
  data: {
    dateOfJoining: new Date("Invalid Date"),
                   ~~~~~~~~~~~~~~~~~~~~~~~~
    phase: "Phase 1",
    bloodGroup: "B+ve"
  }
}

Invalid value for argument `dateOfJoining`: Provided Date object is invalid. Expected Date.
2025-01-23T05:06:30.829Z [:[31merror[39m] Cannot convert undefined or null to object
2025-01-23T05:06:30.830Z [:[32minfo[39m] Updated successfully
2025-01-23T05:06:30.831Z [:[32minfo[39m] ::1 - - [23/Jan/2025:05:06:30 +0000] "PATCH /api/users/update/5 HTTP/1.1" 200 61 "-" "PostmanRuntime/7.43.0"
2025-01-23T05:06:32.203Z [:[31merror[39m] 
Invalid `prisma.users.update()` invocation:

{
  where: {
    id: 5
  },
  data: {
    dateOfJoining: new Date("Invalid Date"),
                   ~~~~~~~~~~~~~~~~~~~~~~~~
    phase: "Phase 1",
    bloodGroup: "B+ve"
  }
}

Invalid value for argument `dateOfJoining`: Provided Date object is invalid. Expected Date.
2025-01-23T05:06:32.204Z [:[31merror[39m] Cannot convert undefined or null to object
2025-01-23T05:06:32.204Z [:[32minfo[39m] Updated successfully
2025-01-23T05:06:32.206Z [:[32minfo[39m] ::1 - - [23/Jan/2025:05:06:32 +0000] "PATCH /api/users/update/5 HTTP/1.1" 200 61 "-" "PostmanRuntime/7.43.0"
2025-01-23T05:06:34.598Z [:[31merror[39m] 
Invalid `prisma.users.update()` invocation:

{
  where: {
    id: 5
  },
  data: {
    dateOfJoining: new Date("Invalid Date"),
                   ~~~~~~~~~~~~~~~~~~~~~~~~
    phase: "Phase 1",
    bloodGroup: "B+ve"
  }
}

Invalid value for argument `dateOfJoining`: Provided Date object is invalid. Expected Date.
2025-01-23T05:06:34.598Z [:[31merror[39m] Cannot convert undefined or null to object
2025-01-23T05:06:34.598Z [:[32minfo[39m] Updated successfully
2025-01-23T05:06:34.599Z [:[32minfo[39m] ::1 - - [23/Jan/2025:05:06:34 +0000] "PATCH /api/users/update/5 HTTP/1.1" 200 61 "-" "PostmanRuntime/7.43.0"
2025-01-23T05:11:02.820Z [:[32minfo[39m] ::1 - - [23/Jan/2025:05:11:02 +0000] "PATCH /api/users/update/5 HTTP/1.1" 400 97 "-" "PostmanRuntime/7.43.0"
2025-01-23T05:11:29.719Z [:[32minfo[39m] Updated successfully
2025-01-23T05:11:29.721Z [:[32minfo[39m] ::1 - - [23/Jan/2025:05:11:29 +0000] "PATCH /api/users/update/5 HTTP/1.1" 200 602 "-" "PostmanRuntime/7.43.0"
2025-01-23T05:12:08.213Z [:[32minfo[39m] Updated successfully
2025-01-23T05:12:08.215Z [:[32minfo[39m] ::1 - - [23/Jan/2025:05:12:08 +0000] "PATCH /api/users/update/5 HTTP/1.1" 200 624 "-" "PostmanRuntime/7.43.0"
2025-01-23T05:12:51.419Z [:[32minfo[39m] Updated successfully
2025-01-23T05:12:51.420Z [:[32minfo[39m] ::1 - - [23/Jan/2025:05:12:51 +0000] "PATCH /api/users/update/5 HTTP/1.1" 200 643 "-" "PostmanRuntime/7.43.0"
2025-01-23T05:12:56.763Z [:[31merror[39m] 
Invalid `prisma.users.update()` invocation:

{
  where: {
    id: 5
  },
  data: {
    status: "ACTIE",
            ~~~~~~~
    dateOfBirth: new Date("2003-09-16T00:00:00.000Z"),
    dateOfJoining: new Date("2024-09-16T00:00:00.000Z"),
    phase: "Phase 1",
    bloodGroup: "B+ve"
  }
}

Invalid value for argument `status`. Expected Status.
2025-01-23T05:12:56.764Z [:[31merror[39m] Cannot convert undefined or null to object
2025-01-23T05:12:56.764Z [:[32minfo[39m] Updated successfully
2025-01-23T05:12:56.765Z [:[32minfo[39m] ::1 - - [23/Jan/2025:05:12:56 +0000] "PATCH /api/users/update/5 HTTP/1.1" 200 61 "-" "PostmanRuntime/7.43.0"
2025-01-23T05:14:08.156Z [:[31merror[39m] 
Invalid `prisma.users.update()` invocation:

{
  where: {
    id: 5
  },
  data: {
    status: "ACTIE",
            ~~~~~~~
    dateOfBirth: new Date("2003-09-16T00:00:00.000Z"),
    dateOfJoining: new Date("2024-09-16T00:00:00.000Z"),
    phase: "Phase 1",
    bloodGroup: "B+ve"
  }
}

Invalid value for argument `status`. Expected Status.
2025-01-23T05:14:08.158Z [:[31merror[39m] Cannot convert undefined or null to object
2025-01-23T05:14:08.158Z [:[32minfo[39m] Updated successfully
2025-01-23T05:14:08.163Z [:[32minfo[39m] ::1 - - [23/Jan/2025:05:14:08 +0000] "PATCH /api/users/update/5 HTTP/1.1" 200 61 "-" "PostmanRuntime/7.43.0"
2025-01-23T05:14:32.748Z [:[31merror[39m] 
Invalid `prisma.users.update()` invocation:

{
  where: {
    id: 5
  },
  data: {
    status: "ACTIE",
            ~~~~~~~
    dateOfBirth: new Date("2003-09-16T00:00:00.000Z"),
    dateOfJoining: new Date("2024-09-16T00:00:00.000Z"),
    phase: "Phase 1",
    bloodGroup: "B+ve"
  }
}

Invalid value for argument `status`. Expected Status.
2025-01-23T05:14:32.750Z [:[31merror[39m] Cannot convert undefined or null to object
2025-01-23T05:14:32.751Z [:[32minfo[39m] Updated successfully
2025-01-23T05:14:32.756Z [:[32minfo[39m] ::1 - - [23/Jan/2025:05:14:32 +0000] "PATCH /api/users/update/5 HTTP/1.1" 200 61 "-" "PostmanRuntime/7.43.0"
2025-01-23T05:15:52.430Z [:[31merror[39m] 
Invalid `prisma.users.update()` invocation:

{
  where: {
    id: 5
  },
  data: {
    status: "ACTIE",
            ~~~~~~~
    dateOfBirth: new Date("2003-09-16T00:00:00.000Z"),
    dateOfJoining: new Date("2024-09-16T00:00:00.000Z"),
    phase: "Phase 1",
    bloodGroup: "B+ve"
  }
}

Invalid value for argument `status`. Expected Status.
2025-01-23T05:15:52.436Z [:[32minfo[39m] ::1 - - [23/Jan/2025:05:15:52 +0000] "PATCH /api/users/update/5 HTTP/1.1" 400 62 "-" "PostmanRuntime/7.43.0"
2025-01-23T05:16:08.492Z [:[32minfo[39m] Updated successfully
2025-01-23T05:16:08.494Z [:[32minfo[39m] ::1 - - [23/Jan/2025:05:16:08 +0000] "PATCH /api/users/update/5 HTTP/1.1" 200 643 "-" "PostmanRuntime/7.43.0"
2025-01-23T05:16:24.453Z [:[32minfo[39m] Updated successfully
2025-01-23T05:16:24.454Z [:[32minfo[39m] ::1 - - [23/Jan/2025:05:16:24 +0000] "PATCH /api/users/update/5 HTTP/1.1" 200 645 "-" "PostmanRuntime/7.43.0"
2025-01-23T05:16:53.817Z [:[32minfo[39m] Updated successfully
2025-01-23T05:16:53.819Z [:[32minfo[39m] ::1 - - [23/Jan/2025:05:16:53 +0000] "PATCH /api/users/update/5 HTTP/1.1" 200 630 "-" "PostmanRuntime/7.43.0"
2025-01-23T05:19:54.140Z [:[31merror[39m] Cannot read properties of undefined (reading 'forEach')
2025-01-23T05:20:30.332Z [:[31merror[39m] Cannot read properties of undefined (reading 'forEach')
2025-01-23T05:20:46.748Z [:[31merror[39m] Access Denied: Permission not found
2025-01-23T05:20:46.753Z [:[32minfo[39m] ::1 - - [23/Jan/2025:05:20:46 +0000] "PATCH /api/users/update/5 HTTP/1.1" 403 78 "-" "PostmanRuntime/7.43.0"
2025-01-23T05:20:46.989Z [:[32minfo[39m] Updated successfully
2025-01-23T05:20:46.990Z [:[31merror[39m] Cannot set headers after they are sent to the client
2025-01-23T05:21:18.767Z [:[31merror[39m] Access Denied: Permission not found
2025-01-23T05:21:18.772Z [:[32minfo[39m] ::1 - - [23/Jan/2025:05:21:18 +0000] "PATCH /api/users/update/5 HTTP/1.1" 403 78 "-" "PostmanRuntime/7.43.0"
2025-01-23T05:21:19.017Z [:[32minfo[39m] Updated successfully
2025-01-23T05:21:19.018Z [:[31merror[39m] Cannot set headers after they are sent to the client
2025-01-23T05:21:56.290Z [:[31merror[39m] Access Denied: Permission not found
2025-01-23T05:21:56.299Z [:[32minfo[39m] ::1 - - [23/Jan/2025:05:21:56 +0000] "PATCH /api/users/update/5 HTTP/1.1" 403 78 "-" "PostmanRuntime/7.43.0"
2025-01-23T05:21:56.532Z [:[32minfo[39m] Updated successfully
2025-01-23T05:21:56.533Z [:[31merror[39m] Cannot set headers after they are sent to the client
2025-01-23T05:22:14.525Z [:[31merror[39m] Access Denied: Permission not found
2025-01-23T05:22:14.527Z [:[32minfo[39m] ::1 - - [23/Jan/2025:05:22:14 +0000] "PATCH /api/users/update/5 HTTP/1.1" 403 78 "-" "PostmanRuntime/7.43.0"
2025-01-23T05:22:14.665Z [:[32minfo[39m] Updated successfully
2025-01-23T05:22:14.665Z [:[31merror[39m] Cannot set headers after they are sent to the client
2025-01-23T05:23:32.551Z [:[31merror[39m] Access Denied: Permission not found
2025-01-23T05:23:32.559Z [:[32minfo[39m] ::1 - - [23/Jan/2025:05:23:32 +0000] "PATCH /api/users/update/5 HTTP/1.1" 403 78 "-" "PostmanRuntime/7.43.0"
2025-01-23T05:23:32.784Z [:[32minfo[39m] Updated successfully
2025-01-23T05:23:32.785Z [:[31merror[39m] Cannot set headers after they are sent to the client
2025-01-23T05:23:56.392Z [:[31merror[39m] Access Denied: Permission not found
2025-01-23T05:23:56.398Z [:[32minfo[39m] ::1 - - [23/Jan/2025:05:23:56 +0000] "PATCH /api/users/update/5 HTTP/1.1" 403 78 "-" "PostmanRuntime/7.43.0"
2025-01-23T05:23:57.133Z [:[32minfo[39m] Updated successfully
2025-01-23T05:23:57.134Z [:[31merror[39m] Cannot set headers after they are sent to the client
2025-01-23T05:25:07.688Z [:[32minfo[39m] Updated successfully
2025-01-23T05:25:07.698Z [:[32minfo[39m] ::1 - - [23/Jan/2025:05:25:07 +0000] "PATCH /api/users/update/5 HTTP/1.1" 200 630 "-" "PostmanRuntime/7.43.0"
2025-01-23T05:58:46.707Z [:[31merror[39m] Invalid password
2025-01-23T05:58:46.712Z [:[32minfo[39m] ::1 - - [23/Jan/2025:05:58:46 +0000] "POST /api/auth/signin HTTP/1.1" 401 59 "-" "PostmanRuntime/7.43.0"
2025-01-23T05:58:58.106Z [:[31merror[39m] User signed in with google. Please continue with google.
2025-01-23T05:58:58.109Z [:[32minfo[39m] ::1 - - [23/Jan/2025:05:58:58 +0000] "POST /api/auth/signin HTTP/1.1" 409 99 "-" "PostmanRuntime/7.43.0"
2025-01-23T05:59:13.333Z [:[31merror[39m] Invalid password
2025-01-23T05:59:13.335Z [:[32minfo[39m] ::1 - - [23/Jan/2025:05:59:13 +0000] "POST /api/auth/signin HTTP/1.1" 401 59 "-" "PostmanRuntime/7.43.0"
2025-01-23T05:59:22.480Z [:[31merror[39m] User does not exist. Please sign up.
2025-01-23T05:59:22.482Z [:[32minfo[39m] ::1 - - [23/Jan/2025:05:59:22 +0000] "POST /api/auth/signin HTTP/1.1" 404 79 "-" "PostmanRuntime/7.43.0"
2025-01-23T05:59:59.412Z [:[31merror[39m] User does not exist. Please sign up.
2025-01-23T05:59:59.414Z [:[32minfo[39m] ::1 - - [23/Jan/2025:05:59:59 +0000] "POST /api/auth/signin HTTP/1.1" 404 79 "-" "PostmanRuntime/7.43.0"
2025-01-23T06:00:04.435Z [:[32minfo[39m] Login successful!!!
2025-01-23T06:00:04.436Z [:[32minfo[39m] ::1 - - [23/Jan/2025:06:00:04 +0000] "POST /api/auth/signin HTTP/1.1" 200 419 "-" "PostmanRuntime/7.43.0"
2025-01-23T06:00:33.215Z [:[31merror[39m] Access Denied. Permission not found
2025-01-23T06:00:33.217Z [:[32minfo[39m] ::1 - - [23/Jan/2025:06:00:33 +0000] "GET /api/users/3 HTTP/1.1" 403 78 "-" "PostmanRuntime/7.43.0"
2025-01-23T06:01:12.786Z [:[32minfo[39m] ::1 - - [23/Jan/2025:06:01:12 +0000] "GET /api/users/3 HTTP/1.1" 200 762 "-" "PostmanRuntime/7.43.0"
2025-01-23T06:01:31.496Z [:[32minfo[39m] ::1 - - [23/Jan/2025:06:01:31 +0000] "GET /api/users/3 HTTP/1.1" 200 762 "-" "PostmanRuntime/7.43.0"
2025-01-23T06:02:01.780Z [:[32minfo[39m] ::1 - - [23/Jan/2025:06:02:01 +0000] "GET /api/users/3 HTTP/1.1" 200 762 "-" "PostmanRuntime/7.43.0"
2025-01-23T06:02:23.682Z [:[31merror[39m] Access Denied. Permission not found
2025-01-23T06:02:23.687Z [:[32minfo[39m] ::1 - - [23/Jan/2025:06:02:23 +0000] "GET /api/users/3 HTTP/1.1" 403 87 "-" "PostmanRuntime/7.43.0"
2025-01-23T09:39:34.057Z [:[31merror[39m] User does not exist. Please sign up.
2025-01-23T09:39:34.061Z [:[32minfo[39m] ::1 - - [23/Jan/2025:09:39:34 +0000] "POST /api/auth/signin HTTP/1.1" 404 79 "-" "PostmanRuntime/7.43.0"
2025-01-23T09:39:37.295Z [:[31merror[39m] User does not exist. Please sign up.
2025-01-23T09:39:37.297Z [:[32minfo[39m] ::1 - - [23/Jan/2025:09:39:37 +0000] "POST /api/auth/signin HTTP/1.1" 404 79 "-" "PostmanRuntime/7.43.0"
2025-01-23T09:39:39.904Z [:[31merror[39m] User does not exist. Please sign up.
2025-01-23T09:39:39.905Z [:[32minfo[39m] ::1 - - [23/Jan/2025:09:39:39 +0000] "POST /api/auth/signin HTTP/1.1" 404 79 "-" "PostmanRuntime/7.43.0"
2025-01-23T09:55:47.134Z [:[32minfo[39m] Login successful!!!
2025-01-23T09:55:47.135Z [:[32minfo[39m] ::1 - - [23/Jan/2025:09:55:47 +0000] "POST /api/auth/signin HTTP/1.1" 200 549 "-" "PostmanRuntime/7.43.0"
2025-01-23T09:56:29.433Z [:[31merror[39m] Already signed up. Please login.
2025-01-23T09:56:29.436Z [:[32minfo[39m] ::1 - - [23/Jan/2025:09:56:29 +0000] "POST /api/auth/createUser HTTP/1.1" 409 75 "-" "PostmanRuntime/7.43.0"
2025-01-23T09:56:44.061Z [:[31merror[39m] createAdminAndMentor is not defined
2025-01-23T09:57:10.330Z [:[31merror[39m] createUser is not defined
2025-01-23T09:59:02.442Z [:[31merror[39m] 
Invalid `prisma.users.create()` invocation:

{
  data: {
    email: "mentor@finestcoder.com",
    password: "$2b$10$lc7qNnys6N/gYECM3Tfr/uKjV72sksaSPyLcxc6fYzGnyvnKIA1EK",
+   name: String
  }
}

Argument `name` is missing.
2025-01-23T09:59:02.445Z [:[32minfo[39m] undefined created successfully!!!
2025-01-23T09:59:02.446Z [:[32minfo[39m] ::1 - - [23/Jan/2025:09:59:02 +0000] "POST /api/auth/createUser HTTP/1.1" 201 76 "-" "PostmanRuntime/7.43.0"
2025-01-23T09:59:24.160Z [:[31merror[39m] 
Invalid `prisma.users.create()` invocation:

{
  data: {
    email: "mentor@finestcoder.com",
    password: "$2b$10$7yltGxz4ZlyXlyregQyE/OuHirQctnQ26K3fsHuDgouGeoXAJhufy",
    role: "Mentor",
+   name: String
  }
}

Argument `name` is missing.
2025-01-23T09:59:24.160Z [:[32minfo[39m] Mentor created successfully!!!
2025-01-23T09:59:24.161Z [:[32minfo[39m] ::1 - - [23/Jan/2025:09:59:24 +0000] "POST /api/auth/createUser HTTP/1.1" 201 73 "-" "PostmanRuntime/7.43.0"
2025-01-23T10:17:53.042Z [:[31merror[39m] Cannot access 'role' before initialization
2025-01-23T10:18:19.740Z [:[31merror[39m] 
Invalid `prisma.roles.findUnique()` invocation:

{
  where: {
    roleName: "Mentor",
?   id?: Int,
?   AND?: RolesWhereInput | RolesWhereInput[],
?   OR?: RolesWhereInput[],
?   NOT?: RolesWhereInput | RolesWhereInput[],
?   description?: StringFilter | String,
?   permissions?: JsonFilter,
?   createdAt?: DateTimeFilter | DateTime,
?   users?: UsersListRelationFilter
  }
}

Argument `where` of type RolesWhereUniqueInput needs at least one of `id` arguments. Available options are marked with ?.
2025-01-23T10:18:19.742Z [:[31merror[39m] Database failed.
2025-01-23T10:18:45.963Z [:[32minfo[39m] ::1 - - [23/Jan/2025:10:18:45 +0000] "POST /api/auth/createUser HTTP/1.1" - - "-" "PostmanRuntime/7.43.0"
2025-01-23T10:18:46.827Z [:[31merror[39m] 
Invalid `prisma.roles.findUnique()` invocation:

{
  where: {
    roleName: "Mentors",
?   id?: Int,
?   AND?: RolesWhereInput | RolesWhereInput[],
?   OR?: RolesWhereInput[],
?   NOT?: RolesWhereInput | RolesWhereInput[],
?   description?: StringFilter | String,
?   permissions?: JsonFilter,
?   createdAt?: DateTimeFilter | DateTime,
?   users?: UsersListRelationFilter
  }
}

Argument `where` of type RolesWhereUniqueInput needs at least one of `id` arguments. Available options are marked with ?.
2025-01-23T10:18:46.827Z [:[31merror[39m] Database failed.
2025-01-23T10:18:56.954Z [:[32minfo[39m] ::1 - - [23/Jan/2025:10:18:56 +0000] "POST /api/auth/createUser HTTP/1.1" - - "-" "PostmanRuntime/7.43.0"
2025-01-23T10:19:05.237Z [:[31merror[39m] 
Invalid `prisma.roles.findUnique()` invocation:

{
  where: {
    roleName: "Mentors",
?   id?: Int,
?   AND?: RolesWhereInput | RolesWhereInput[],
?   OR?: RolesWhereInput[],
?   NOT?: RolesWhereInput | RolesWhereInput[],
?   description?: StringFilter | String,
?   permissions?: JsonFilter,
?   createdAt?: DateTimeFilter | DateTime,
?   users?: UsersListRelationFilter
  }
}

Argument `where` of type RolesWhereUniqueInput needs at least one of `id` arguments. Available options are marked with ?.
2025-01-23T10:19:05.239Z [:[31merror[39m] Database failed.
2025-01-23T10:20:36.640Z [:[31merror[39m] 
Invalid `prisma.roles.findUnique()` invocation:

{
  where: {
    roleName: "Mentors",
?   id?: Int,
?   AND?: RolesWhereInput | RolesWhereInput[],
?   OR?: RolesWhereInput[],
?   NOT?: RolesWhereInput | RolesWhereInput[],
?   description?: StringFilter | String,
?   permissions?: JsonFilter,
?   createdAt?: DateTimeFilter | DateTime,
?   users?: UsersListRelationFilter
  }
}

Argument `where` of type RolesWhereUniqueInput needs at least one of `id` arguments. Available options are marked with ?.
2025-01-23T10:20:36.641Z [:[31merror[39m] Database failed.
2025-01-23T10:22:47.842Z [:[31merror[39m] 
Invalid `prisma.roles.findUnique()` invocation:

{
  where: {
    roleName: "Mentors",
?   id?: Int,
?   AND?: RolesWhereInput | RolesWhereInput[],
?   OR?: RolesWhereInput[],
?   NOT?: RolesWhereInput | RolesWhereInput[],
?   description?: StringFilter | String,
?   permissions?: JsonFilter,
?   createdAt?: DateTimeFilter | DateTime,
?   users?: UsersListRelationFilter
  }
}

Argument `where` of type RolesWhereUniqueInput needs at least one of `id` arguments. Available options are marked with ?.
2025-01-23T10:22:47.843Z [:[31merror[39m] Database failed.
2025-01-23T10:23:54.638Z [:[31merror[39m] Cannot access 'newUser' before initialization
2025-01-23T10:24:20.631Z [:[31merror[39m] data and salt arguments required
2025-01-23T10:25:12.300Z [:[31merror[39m] data and salt arguments required
2025-01-23T10:25:50.695Z [:[31merror[39m] data and salt arguments required
2025-01-23T10:28:10.479Z [:[31merror[39m] data and salt arguments required
2025-01-23T10:56:31.898Z [:[31merror[39m] jwt expired
2025-01-23T10:57:09.839Z [:[32minfo[39m] ::1 - - [23/Jan/2025:10:57:09 +0000] "GET /api/auth/signin HTTP/1.1" 404 154 "-" "PostmanRuntime/7.43.0"
2025-01-23T10:57:14.253Z [:[31merror[39m] [object Object]
2025-01-23T10:57:32.554Z [:[32minfo[39m] Login successful!!!
2025-01-23T10:57:32.556Z [:[32minfo[39m] ::1 - - [23/Jan/2025:10:57:32 +0000] "POST /api/auth/signin HTTP/1.1" 200 549 "-" "PostmanRuntime/7.43.0"
2025-01-23T10:57:50.696Z [:[31merror[39m] data and salt arguments required
2025-01-23T10:58:32.424Z [:[31merror[39m] data and salt arguments required
2025-01-23T10:58:53.135Z [:[31merror[39m] data and salt arguments required
2025-01-23T11:00:05.453Z [:[31merror[39m] data and salt arguments required
2025-01-23T11:15:10.062Z [:[31merror[39m] data and salt arguments required
2025-01-23T11:15:23.635Z [:[32minfo[39m] ::1 - - [23/Jan/2025:11:15:23 +0000] "POST /api/auth/createUser HTTP/1.1" - - "-" "PostmanRuntime/7.43.0"
2025-01-23T11:15:24.927Z [:[31merror[39m] data and salt arguments required
2025-01-23T11:15:30.653Z [:[32minfo[39m] ::1 - - [23/Jan/2025:11:15:30 +0000] "POST /api/auth/createUser HTTP/1.1" - - "-" "PostmanRuntime/7.43.0"
2025-01-23T11:16:55.324Z [:[31merror[39m] data and salt arguments required
2025-01-23T11:22:23.951Z [:[32minfo[39m] ::1 - - [23/Jan/2025:11:22:23 +0000] "POST /api/auth/createUser HTTP/1.1" - - "-" "PostmanRuntime/7.43.0"
2025-01-23T11:22:26.190Z [:[31merror[39m] [object Object]
2025-01-23T11:25:51.597Z [:[31merror[39m] data and salt arguments required
2025-01-23T11:28:13.093Z [:[32minfo[39m] Sign Up successful!!!
2025-01-23T11:28:13.095Z [:[32minfo[39m] ::1 - - [23/Jan/2025:11:28:13 +0000] "POST /api/auth/signup HTTP/1.1" 201 64 "-" "PostmanRuntime/7.43.0"
2025-01-23T11:29:55.363Z [:[31merror[39m] Already signed up. Please login.
2025-01-23T11:29:55.373Z [:[32minfo[39m] ::1 - - [23/Jan/2025:11:29:55 +0000] "POST /api/auth/signup HTTP/1.1" 409 75 "-" "PostmanRuntime/7.43.0"
2025-01-23T11:30:02.142Z [:[32minfo[39m] [object Object] created successfully!!!
2025-01-23T11:30:02.144Z [:[32minfo[39m] ::1 - - [23/Jan/2025:11:30:02 +0000] "POST /api/auth/createUser HTTP/1.1" 201 82 "-" "PostmanRuntime/7.43.0"
2025-01-23T11:33:02.440Z [:[31merror[39m] Already signed up. Please login.
2025-01-23T11:33:02.456Z [:[32minfo[39m] ::1 - - [23/Jan/2025:11:33:02 +0000] "POST /api/auth/createUser HTTP/1.1" 409 75 "-" "PostmanRuntime/7.43.0"
2025-01-23T11:38:11.970Z [:[32minfo[39m] Login successful!!!
2025-01-23T11:38:11.971Z [:[32minfo[39m] ::1 - - [23/Jan/2025:11:38:11 +0000] "POST /api/auth/signin HTTP/1.1" 200 412 "-" "PostmanRuntime/7.43.0"
2025-01-23T12:06:33.121Z [:[31merror[39m] jwt expired
2025-01-23T12:07:18.769Z [:[32minfo[39m] Login successful!!!
2025-01-23T12:07:18.770Z [:[32minfo[39m] ::1 - - [23/Jan/2025:12:07:18 +0000] "POST /api/auth/signin HTTP/1.1" 200 549 "-" "PostmanRuntime/7.43.0"
2025-01-23T12:07:35.006Z [:[32minfo[39m] ::1 - - [23/Jan/2025:12:07:35 +0000] "POST /api/auth/createUser HTTP/1.1" - - "-" "PostmanRuntime/7.43.0"
2025-01-23T12:07:38.337Z [:[32minfo[39m] Admins created successfully!!!
2025-01-23T12:07:38.338Z [:[32minfo[39m] ::1 - - [23/Jan/2025:12:07:38 +0000] "POST /api/auth/createUser HTTP/1.1" 201 73 "-" "PostmanRuntime/7.43.0"
2025-01-23T12:24:06.518Z [:[32minfo[39m] ::1 - - [23/Jan/2025:12:24:06 +0000] "POST /api/users/4 HTTP/1.1" 404 151 "-" "PostmanRuntime/7.43.0"
2025-01-23T12:24:10.914Z [:[31merror[39m] Access Denied. Permission not found
2025-01-23T12:24:10.915Z [:[32minfo[39m] ::1 - - [23/Jan/2025:12:24:10 +0000] "GET /api/users/4 HTTP/1.1" 403 87 "-" "PostmanRuntime/7.43.0"
2025-01-23T12:24:25.456Z [:[31merror[39m] Access Denied. Permission not found
2025-01-23T12:24:25.457Z [:[32minfo[39m] ::1 - - [23/Jan/2025:12:24:25 +0000] "GET /api/users/3 HTTP/1.1" 403 87 "-" "PostmanRuntime/7.43.0"
2025-01-23T12:24:28.254Z [:[31merror[39m] Access Denied. Permission not found
2025-01-23T12:24:28.255Z [:[32minfo[39m] ::1 - - [23/Jan/2025:12:24:28 +0000] "GET /api/users/2 HTTP/1.1" 403 87 "-" "PostmanRuntime/7.43.0"
2025-01-23T12:24:49.183Z [:[32minfo[39m] ::1 - - [23/Jan/2025:12:24:49 +0000] "GET /api/users/5 HTTP/1.1" 200 1013 "-" "PostmanRuntime/7.43.0"
2025-01-23T12:24:53.275Z [:[31merror[39m] Access Denied. Permission not found
2025-01-23T12:24:53.276Z [:[32minfo[39m] ::1 - - [23/Jan/2025:12:24:53 +0000] "GET /api/users/6 HTTP/1.1" 403 87 "-" "PostmanRuntime/7.43.0"
2025-01-23T12:26:00.314Z [:[31merror[39m] Access Denied. Permission not found
2025-01-23T12:26:00.320Z [:[32minfo[39m] ::1 - - [23/Jan/2025:12:26:00 +0000] "GET /api/users/6 HTTP/1.1" 403 87 "-" "PostmanRuntime/7.43.0"
2025-01-23T12:27:28.298Z [:[31merror[39m] Access Denied. Can not access other interns.
2025-01-23T12:27:28.304Z [:[32minfo[39m] ::1 - - [23/Jan/2025:12:27:28 +0000] "GET /api/users/6 HTTP/1.1" 403 87 "-" "PostmanRuntime/7.43.0"
2025-01-23T12:27:43.481Z [:[31merror[39m] Access Denied. Can not access other interns.
2025-01-23T12:27:43.487Z [:[32minfo[39m] ::1 - - [23/Jan/2025:12:27:43 +0000] "GET /api/users/6 HTTP/1.1" 403 87 "-" "PostmanRuntime/7.43.0"
2025-01-23T12:27:48.773Z [:[31merror[39m] Access Denied. Can not access other interns.
2025-01-23T12:27:48.774Z [:[32minfo[39m] ::1 - - [23/Jan/2025:12:27:48 +0000] "GET /api/users/7 HTTP/1.1" 403 87 "-" "PostmanRuntime/7.43.0"
2025-01-23T12:27:54.707Z [:[31merror[39m] Access Denied. Can not access other interns.
2025-01-23T12:27:54.708Z [:[32minfo[39m] ::1 - - [23/Jan/2025:12:27:54 +0000] "GET /api/users/5 HTTP/1.1" 403 87 "-" "PostmanRuntime/7.43.0"
2025-01-23T12:28:30.507Z [:[31merror[39m] 
Invalid `prisma.users.findUnique()` invocation:


Can't reach database server at `dpg-cu7uv8dumphs73bhp9v0-a.singapore-postgres.render.com:5432`

Please make sure your database server is running at `dpg-cu7uv8dumphs73bhp9v0-a.singapore-postgres.render.com:5432`.
2025-01-23T12:28:30.509Z [:[31merror[39m] Database failed.
2025-01-23T12:28:46.777Z [:[32minfo[39m] ::1 - - [23/Jan/2025:12:28:46 +0000] "GET /api/users/5 HTTP/1.1" - - "-" "PostmanRuntime/7.43.0"
2025-01-23T12:28:49.054Z [:[32minfo[39m] ::1 - - [23/Jan/2025:12:28:49 +0000] "GET /api/users/5 HTTP/1.1" 200 1013 "-" "PostmanRuntime/7.43.0"
2025-01-23T12:28:53.819Z [:[31merror[39m] Access Denied. Can not access other interns.
2025-01-23T12:28:53.820Z [:[32minfo[39m] ::1 - - [23/Jan/2025:12:28:53 +0000] "GET /api/users/6 HTTP/1.1" 403 87 "-" "PostmanRuntime/7.43.0"
2025-01-23T12:29:27.369Z [:[31merror[39m] Access Denied. Can not access other interns.
2025-01-23T12:29:27.375Z [:[32minfo[39m] ::1 - - [23/Jan/2025:12:29:27 +0000] "GET /api/users/6 HTTP/1.1" 403 87 "-" "PostmanRuntime/7.43.0"
2025-01-23T12:30:15.108Z [:[31merror[39m] Access Denied. Can not access other interns.
2025-01-23T12:30:15.115Z [:[32minfo[39m] ::1 - - [23/Jan/2025:12:30:15 +0000] "GET /api/users/6 HTTP/1.1" 403 87 "-" "PostmanRuntime/7.43.0"
2025-01-23T12:32:53.956Z [:[32minfo[39m] ::1 - - [23/Jan/2025:12:32:53 +0000] "GET /api/auth/signin HTTP/1.1" 404 154 "-" "PostmanRuntime/7.43.0"
2025-01-23T12:33:00.789Z [:[32minfo[39m] Login successful!!!
2025-01-23T12:33:00.790Z [:[32minfo[39m] ::1 - - [23/Jan/2025:12:33:00 +0000] "POST /api/auth/signin HTTP/1.1" 200 571 "-" "PostmanRuntime/7.43.0"
2025-01-23T12:33:17.045Z [:[32minfo[39m] ::1 - - [23/Jan/2025:12:33:17 +0000] "POST /api/users/6 HTTP/1.1" 404 151 "-" "PostmanRuntime/7.43.0"
2025-01-23T12:33:21.425Z [:[32minfo[39m] ::1 - - [23/Jan/2025:12:33:21 +0000] "GET /api/users/6 HTTP/1.1" 200 893 "-" "PostmanRuntime/7.43.0"
2025-01-23T12:33:44.399Z [:[32minfo[39m] ::1 - - [23/Jan/2025:12:33:44 +0000] "GET /api/users/6 HTTP/1.1" 200 893 "-" "PostmanRuntime/7.43.0"
2025-01-23T12:35:49.982Z [:[32minfo[39m] Login successful!!!
2025-01-23T12:35:49.983Z [:[32minfo[39m] ::1 - - [23/Jan/2025:12:35:49 +0000] "POST /api/auth/signin HTTP/1.1" 200 453 "-" "PostmanRuntime/7.43.0"
2025-01-23T12:36:06.257Z [:[32minfo[39m] ::1 - - [23/Jan/2025:12:36:06 +0000] "GET /api/users/6 HTTP/1.1" 200 893 "-" "PostmanRuntime/7.43.0"
2025-01-23T12:36:12.422Z [:[31merror[39m] Access Denied. Can not access other interns.
2025-01-23T12:36:12.422Z [:[32minfo[39m] ::1 - - [23/Jan/2025:12:36:12 +0000] "GET /api/users/7 HTTP/1.1" 403 87 "-" "PostmanRuntime/7.43.0"
2025-01-23T12:36:23.511Z [:[32minfo[39m] ::1 - - [23/Jan/2025:12:36:23 +0000] "GET /api/users/6 HTTP/1.1" 200 893 "-" "PostmanRuntime/7.43.0"
2025-01-23T12:36:29.885Z [:[31merror[39m] Access Denied. Can not access other interns.
2025-01-23T12:36:29.885Z [:[32minfo[39m] ::1 - - [23/Jan/2025:12:36:29 +0000] "GET /api/users/5 HTTP/1.1" 403 87 "-" "PostmanRuntime/7.43.0"
2025-01-23T12:59:35.244Z [:[32minfo[39m] Updated successfully
2025-01-23T12:59:35.245Z [:[32minfo[39m] ::1 - - [23/Jan/2025:12:59:35 +0000] "PATCH /api/users/update/6 HTTP/1.1" 200 778 "-" "PostmanRuntime/7.43.0"
2025-01-23T16:01:25.833Z [:[31merror[39m] jwt expired
2025-01-23T16:01:43.531Z [:[32minfo[39m] ::1 - - [23/Jan/2025:16:01:43 +0000] "GET /api/users/5 HTTP/1.1" - - "-" "PostmanRuntime/7.43.0"
2025-01-23T16:01:52.431Z [:[32minfo[39m] ::1 - - [23/Jan/2025:16:01:52 +0000] "GET /api/auth/signin HTTP/1.1" 404 154 "-" "PostmanRuntime/7.43.0"
2025-01-23T16:02:02.261Z [:[31merror[39m] 
Invalid `prisma.users.findUnique()` invocation:


Can't reach database server at `dpg-cu7uv8dumphs73bhp9v0-a.singapore-postgres.render.com:5432`

Please make sure your database server is running at `dpg-cu7uv8dumphs73bhp9v0-a.singapore-postgres.render.com:5432`.
2025-01-23T16:02:02.262Z [:[31merror[39m] Database failed.
2025-01-23T16:02:11.967Z [:[32minfo[39m] ::1 - - [23/Jan/2025:16:02:11 +0000] "POST /api/auth/signin HTTP/1.1" - - "-" "PostmanRuntime/7.43.0"
2025-01-23T16:02:14.092Z [:[32minfo[39m] Login successful!!!
2025-01-23T16:02:14.093Z [:[32minfo[39m] ::1 - - [23/Jan/2025:16:02:14 +0000] "POST /api/auth/signin HTTP/1.1" 200 453 "-" "PostmanRuntime/7.43.0"
2025-01-23T16:02:30.826Z [:[31merror[39m] 
Invalid `prisma.users.update()` invocation:


Error occurred during query execution:
ConnectorError(ConnectorError { user_facing_error: None, kind: QueryError(Error { kind: ToSql(12), cause: Some(Error { kind: ConversionError("Unable to fit integer value '8072856538' into an INT4 (32-bit signed integer)."), original_code: None, original_message: None }) }), transient: false })
2025-01-23T16:02:30.826Z [:[31merror[39m] Database failed.
2025-01-23T16:02:55.301Z [:[32minfo[39m] ::1 - - [23/Jan/2025:16:02:55 +0000] "PATCH /api/users/update/6 HTTP/1.1" - - "-" "PostmanRuntime/7.43.0"
2025-01-23T16:09:13.366Z [:[31merror[39m] 
Invalid `prisma.users.update()` invocation:

{
  where: {
    id: 6
  },
  data: {
    gender: "Male",
    employeeId: "FC123",
    personalEmail: "srini123@gmail.com",
    currentAddress: "400,bangalore",
    permanentAddress: "123,coimbatore",
    profilePhoto: "https://cdn-icons-png.flaticon.com/512/3135/3135715.png",
    resume: "www.resume.com",
    batch: "Batch-1|2025",
    year: 2025,
    bankDetails: {
      accountNumber: 1234567897654,
      branch: "RS Puram",
      IFSC: "KODF12345",
      bankName: "Kotak"
    },
    education: {
      degree: "B.E CSE",
      college: "Sri Eshwar",
      batch: "2021-2025"
    },
    designation: "Backend Development",
    phone_no: 8072856538,
              ~~~~~~~~~~
    certificates_submission_status: true,
    status: "DEPLOYED",
    dateOfBirth: new Date("2003-09-16T00:00:00.000Z"),
    dateOfJoining: new Date("2024-09-16T00:00:00.000Z"),
    phase: "Phase 1",
    bloodGroup: "B+ve"
  }
}

Argument `phone_no`: Invalid value provided. Expected String, NullableStringFieldUpdateOperationsInput or Null, provided Int.
2025-01-23T16:09:13.368Z [:[31merror[39m] Database failed.
2025-01-23T16:09:35.721Z [:[32minfo[39m] ::1 - - [23/Jan/2025:16:09:35 +0000] "PATCH /api/users/update/6 HTTP/1.1" - - "-" "PostmanRuntime/7.43.0"
2025-01-23T16:09:38.529Z [:[32minfo[39m] Updated successfully
2025-01-23T16:09:38.533Z [:[32minfo[39m] ::1 - - [23/Jan/2025:16:09:38 +0000] "PATCH /api/users/update/6 HTTP/1.1" 200 1065 "-" "PostmanRuntime/7.43.0"
2025-01-23T16:36:12.004Z [:[31merror[39m] Cannot access 'updatedUserProfile' before initialization
2025-01-23T16:39:04.010Z [:[31merror[39m] 
Invalid `prisma.users.findUnique()` invocation:


Can't reach database server at `dpg-cu7uv8dumphs73bhp9v0-a.singapore-postgres.render.com:5432`

Please make sure your database server is running at `dpg-cu7uv8dumphs73bhp9v0-a.singapore-postgres.render.com:5432`.
2025-01-23T16:39:04.013Z [:[31merror[39m] Database failed.
2025-01-23T16:39:07.155Z [:[32minfo[39m] ::1 - - [23/Jan/2025:16:39:07 +0000] "PATCH /api/users/update/6 HTTP/1.1" - - "-" "PostmanRuntime/7.43.0"
2025-01-23T16:39:14.907Z [:[32minfo[39m] Updated successfully
2025-01-23T16:39:14.915Z [:[32minfo[39m] ::1 - - [23/Jan/2025:16:39:14 +0000] "PATCH /api/users/update/6 HTTP/1.1" 200 1048 "-" "PostmanRuntime/7.43.0"
2025-01-23T16:39:41.504Z [:[32minfo[39m] ::1 - - [23/Jan/2025:16:39:41 +0000] "POST /api/users/6 HTTP/1.1" 404 151 "-" "PostmanRuntime/7.43.0"
2025-01-23T16:39:46.063Z [:[32minfo[39m] ::1 - - [23/Jan/2025:16:39:46 +0000] "GET /api/users/6 HTTP/1.1" 200 1236 "-" "PostmanRuntime/7.43.0"
2025-01-23T16:40:48.335Z [:[31merror[39m] 
Invalid `prisma.users.findUnique()` invocation:


Can't reach database server at `dpg-cu7uv8dumphs73bhp9v0-a.singapore-postgres.render.com:5432`

Please make sure your database server is running at `dpg-cu7uv8dumphs73bhp9v0-a.singapore-postgres.render.com:5432`.
2025-01-23T16:40:48.337Z [:[31merror[39m] Database failed.
2025-01-23T16:40:50.763Z [:[32minfo[39m] ::1 - - [23/Jan/2025:16:40:50 +0000] "GET /api/users/6 HTTP/1.1" - - "-" "PostmanRuntime/7.43.0"
2025-01-23T16:40:57.442Z [:[32minfo[39m] ::1 - - [23/Jan/2025:16:40:57 +0000] "GET /api/users/6 HTTP/1.1" 200 1017 "-" "PostmanRuntime/7.43.0"
2025-01-23T16:43:49.225Z [:[32minfo[39m] ::1 - - [23/Jan/2025:16:43:49 +0000] "GET /api/users/6 HTTP/1.1" 200 1017 "-" "PostmanRuntime/7.43.0"
2025-01-23T16:44:32.855Z [:[32minfo[39m] Updated successfully
2025-01-23T16:44:32.856Z [:[32minfo[39m] ::1 - - [23/Jan/2025:16:44:32 +0000] "PATCH /api/users/update/6 HTTP/1.1" 200 1048 "-" "PostmanRuntime/7.43.0"
2025-01-23T16:45:13.168Z [:[32minfo[39m] Updated successfully
2025-01-23T16:45:13.170Z [:[32minfo[39m] ::1 - - [23/Jan/2025:16:45:13 +0000] "PATCH /api/users/update/6 HTTP/1.1" 200 1049 "-" "PostmanRuntime/7.43.0"
2025-01-23T16:47:20.725Z [:[31merror[39m] 
Invalid `prisma.users.findUnique()` invocation:


Can't reach database server at `dpg-cu7uv8dumphs73bhp9v0-a.singapore-postgres.render.com:5432`

Please make sure your database server is running at `dpg-cu7uv8dumphs73bhp9v0-a.singapore-postgres.render.com:5432`.
2025-01-23T16:47:20.727Z [:[31merror[39m] Database failed.
2025-01-23T16:47:27.438Z [:[32minfo[39m] ::1 - - [23/Jan/2025:16:47:27 +0000] "PATCH /api/users/update/6 HTTP/1.1" - - "-" "PostmanRuntime/7.43.0"
2025-01-23T16:47:33.416Z [:[31merror[39m] 
Invalid `prisma.users.findUnique()` invocation:


Can't reach database server at `dpg-cu7uv8dumphs73bhp9v0-a.singapore-postgres.render.com:5432`

Please make sure your database server is running at `dpg-cu7uv8dumphs73bhp9v0-a.singapore-postgres.render.com:5432`.
2025-01-23T16:47:33.416Z [:[31merror[39m] Database failed.
2025-01-23T16:47:39.542Z [:[32minfo[39m] ::1 - - [23/Jan/2025:16:47:39 +0000] "PATCH /api/users/update/6 HTTP/1.1" - - "-" "PostmanRuntime/7.43.0"
2025-01-23T16:47:42.669Z [:[32minfo[39m] Updated successfully
2025-01-23T16:47:42.676Z [:[32minfo[39m] ::1 - - [23/Jan/2025:16:47:42 +0000] "PATCH /api/users/update/6 HTTP/1.1" 200 1050 "-" "PostmanRuntime/7.43.0"
2025-01-23T16:48:41.427Z [:[32minfo[39m] Updated successfully
2025-01-23T16:48:41.429Z [:[32minfo[39m] ::1 - - [23/Jan/2025:16:48:41 +0000] "PATCH /api/users/update/6 HTTP/1.1" 200 1042 "-" "PostmanRuntime/7.43.0"
2025-01-23T16:48:52.979Z [:[32minfo[39m] Updated successfully
2025-01-23T16:48:52.980Z [:[32minfo[39m] ::1 - - [23/Jan/2025:16:48:52 +0000] "PATCH /api/users/update/6 HTTP/1.1" 200 1024 "-" "PostmanRuntime/7.43.0"
2025-01-23T16:48:58.547Z [:[32minfo[39m] Updated successfully
2025-01-23T16:48:58.549Z [:[32minfo[39m] ::1 - - [23/Jan/2025:16:48:58 +0000] "PATCH /api/users/update/6 HTTP/1.1" 200 1024 "-" "PostmanRuntime/7.43.0"
2025-01-23T16:50:49.597Z [:[32minfo[39m] Updated successfully
2025-01-23T16:50:49.598Z [:[32minfo[39m] ::1 - - [23/Jan/2025:16:50:49 +0000] "PATCH /api/users/update/6 HTTP/1.1" 200 1050 "-" "PostmanRuntime/7.43.0"
2025-01-23T16:51:25.391Z [:[32minfo[39m] Updated successfully
2025-01-23T16:51:25.393Z [:[32minfo[39m] ::1 - - [23/Jan/2025:16:51:25 +0000] "PATCH /api/users/update/6 HTTP/1.1" 200 1030 "-" "PostmanRuntime/7.43.0"
2025-01-23T16:51:34.588Z [:[32minfo[39m] ::1 - - [23/Jan/2025:16:51:34 +0000] "GET /api/users/6 HTTP/1.1" 200 997 "-" "PostmanRuntime/7.43.0"
2025-01-23T16:51:47.543Z [:[32minfo[39m] Updated successfully
2025-01-23T16:51:47.544Z [:[32minfo[39m] ::1 - - [23/Jan/2025:16:51:47 +0000] "PATCH /api/users/update/6 HTTP/1.1" 200 1050 "-" "PostmanRuntime/7.43.0"
2025-01-23T18:02:01.870Z [:[31merror[39m] jwt expired
2025-01-23T18:02:31.245Z [:[32minfo[39m] Login successful!!!
2025-01-23T18:02:31.246Z [:[32minfo[39m] ::1 - - [23/Jan/2025:18:02:31 +0000] "POST /api/auth/signin HTTP/1.1" 200 571 "-" "PostmanRuntime/7.43.0"
2025-01-23T18:02:52.945Z [:[31merror[39m] Access Denied. Permission not found
2025-01-23T18:02:52.947Z [:[32minfo[39m] ::1 - - [23/Jan/2025:18:02:52 +0000] "POST /api/users/update/assets HTTP/1.1" 403 78 "-" "PostmanRuntime/7.43.0"
2025-01-23T18:03:10.503Z [:[31merror[39m] 
Invalid `prisma.assets.create()` invocation:

{
  data: {
    asset: {
      userId: 6,
      assetType: "Laptop+Charger",
      assetName: "Dell latitude",
      givenOn: "2024-09-17"
    },
+   assetType: String
  }
}

Argument `assetType` is missing.
2025-01-23T18:05:30.354Z [:[31merror[39m] 
Invalid `prisma.users.findUnique()` invocation:


Can't reach database server at `dpg-cu7uv8dumphs73bhp9v0-a.singapore-postgres.render.com:5432`

Please make sure your database server is running at `dpg-cu7uv8dumphs73bhp9v0-a.singapore-postgres.render.com:5432`.
2025-01-23T18:05:30.357Z [:[31merror[39m] Database failed.
2025-01-23T18:05:33.133Z [:[32minfo[39m] ::1 - - [23/Jan/2025:18:05:33 +0000] "POST /api/users/update/assets HTTP/1.1" - - "-" "PostmanRuntime/7.43.0"
2025-01-23T18:05:40.239Z [:[31merror[39m] 
Invalid `prisma.assets.create()` invocation:

{
  data: {
    asset: {
      userId: 6,
      assetType: "Laptop+Charger",
      assetName: "Dell latitude",
      givenOn: "2024-09-17"
    },
+   assetType: String
  }
}

Argument `assetType` is missing.
2025-01-23T18:08:30.087Z [:[31merror[39m] 
Invalid `prisma.assets.create()` invocation:

{
  data: {
    asset: {
      userId: 6,
      assetType: "Laptop+Charger",
      assetName: "Dell latitude",
      givenOn: "2024-09-17"
    },
+   assetType: String
  }
}

Argument `assetType` is missing.
2025-01-23T18:09:16.742Z [:[31merror[39m] 
Invalid `prisma.assets.create()` invocation:

{
  data: {
    asset: {
      userId: 6,
      assetType: "Laptop+Charger",
      assetName: "Dell latitude",
      givenOn: "2024-09-17"
    },
+   assetType: String
  }
}

Argument `assetType` is missing.
2025-01-23T18:10:00.520Z [:[31merror[39m] 
Invalid `prisma.assets.create()` invocation:


Can't reach database server at `dpg-cu7uv8dumphs73bhp9v0-a.singapore-postgres.render.com:5432`

Please make sure your database server is running at `dpg-cu7uv8dumphs73bhp9v0-a.singapore-postgres.render.com:5432`.
2025-01-23T18:10:11.502Z [:[31merror[39m] 
Invalid `prisma.assets.create()` invocation:

{
  data: {
    userId: 6,
    assetType: "Laptop+Charger",
    assetName: "Dell latitude",
    givenOn: "2024-09-17"
             ~~~~~~~~~~~~
  }
}

Invalid value for argument `givenOn`: premature end of input. Expected ISO-8601 DateTime.
2025-01-23T18:11:28.126Z [:[32minfo[39m] Created asset successfully
2025-01-23T18:11:28.131Z [:[32minfo[39m] ::1 - - [23/Jan/2025:18:11:28 +0000] "POST /api/users/update/assets HTTP/1.1" 201 196 "-" "PostmanRuntime/7.43.0"
2025-01-23T18:13:17.902Z [:[32minfo[39m] ::1 - - [23/Jan/2025:18:13:17 +0000] "GET /api/users/6 HTTP/1.1" 200 1161 "-" "PostmanRuntime/7.43.0"
2025-01-23T18:24:15.806Z [:[31merror[39m] 
Invalid `prisma.assets.findUnique()` invocation:

{
  where: {
    userId: 6,
?   id?: Int,
?   AND?: AssetsWhereInput | AssetsWhereInput[],
?   OR?: AssetsWhereInput[],
?   NOT?: AssetsWhereInput | AssetsWhereInput[],
?   assetType?: StringFilter | String,
?   assetName?: StringFilter | String,
?   givenOn?: DateTimeFilter | DateTime,
?   returnedOn?: DateTimeNullableFilter | DateTime | Null,
?   user?: UsersScalarRelationFilter | UsersWhereInput
  }
}

Argument `where` of type AssetsWhereUniqueInput needs at least one of `id` arguments. Available options are marked with ?.
2025-01-23T18:25:09.156Z [:[32minfo[39m] Assets fetched successfully
2025-01-23T18:25:09.169Z [:[32minfo[39m] ::1 - - [23/Jan/2025:18:25:09 +0000] "GET /api/users/6/assets HTTP/1.1" 200 199 "-" "PostmanRuntime/7.43.0"
2025-01-24T06:29:15.374Z [:[32minfo[39m] Login successful!!!
2025-01-24T06:29:15.375Z [:[32minfo[39m] ::1 - - [24/Jan/2025:06:29:15 +0000] "POST /api/auth/signin HTTP/1.1" 200 571 "-" "PostmanRuntime/7.43.0"
2025-01-24T06:30:24.788Z [:[31merror[39m] Token not present!!!
2025-01-24T06:30:24.789Z [:[32minfo[39m] ::1 - - [24/Jan/2025:06:30:24 +0000] "PATCH /api/users/rolePermUpdate HTTP/1.1" 403 63 "-" "PostmanRuntime/7.43.0"
2025-01-24T06:30:32.847Z [:[31merror[39m] Invalid permissions!!
2025-01-24T06:30:32.848Z [:[32minfo[39m] ::1 - - [24/Jan/2025:06:30:32 +0000] "PATCH /api/users/rolePermUpdate HTTP/1.1" 400 64 "-" "PostmanRuntime/7.43.0"
2025-01-24T06:31:20.643Z [:[31merror[39m] Error in Database
2025-01-24T06:33:15.662Z [:[31merror[39m] Error in Database
2025-01-24T06:34:00.317Z [:[32minfo[39m] Updated permissions successfully
2025-01-24T06:34:00.326Z [:[32minfo[39m] ::1 - - [24/Jan/2025:06:34:00 +0000] "PATCH /api/users/rolePermUpdate HTTP/1.1" 200 75 "-" "PostmanRuntime/7.43.0"
2025-01-24T06:47:25.708Z [:[32minfo[39m] Updated permissions successfully
2025-01-24T06:47:25.716Z [:[32minfo[39m] ::1 - - [24/Jan/2025:06:47:25 +0000] "PATCH /api/users/rolePermUpdate HTTP/1.1" 200 75 "-" "PostmanRuntime/7.43.0"
2025-01-24T08:08:24.219Z [:[31merror[39m] jwt expired
2025-01-24T08:08:42.812Z [:[31merror[39m] data and hash arguments required
2025-01-24T08:08:54.980Z [:[32minfo[39m] ::1 - - [24/Jan/2025:08:08:54 +0000] "POST /api/auth/signin HTTP/1.1" - - "-" "PostmanRuntime/7.43.0"
2025-01-24T08:08:56.057Z [:[31merror[39m] data and hash arguments required
2025-01-24T08:10:35.709Z [:[32minfo[39m] Login successful!!!
2025-01-24T08:10:35.711Z [:[32minfo[39m] ::1 - - [24/Jan/2025:08:10:35 +0000] "POST /api/auth/signin HTTP/1.1" 200 588 "-" "PostmanRuntime/7.43.0"
2025-01-24T08:10:48.789Z [:[31merror[39m] [object Object]
2025-01-24T08:17:47.895Z [:[31merror[39m] [object Object]
2025-01-24T08:18:17.567Z [:[31merror[39m] [object Object]
2025-01-24T08:18:35.348Z [:[32minfo[39m] ::1 - - [24/Jan/2025:08:18:35 +0000] "PATCH /api/users/update/6 HTTP/1.1" 404 159 "-" "PostmanRuntime/7.43.0"
2025-01-24T08:18:36.581Z [:[31merror[39m] Error in User Controller
2025-01-24T08:19:15.084Z [:[32minfo[39m] ::1 - - [24/Jan/2025:08:19:15 +0000] "PATCH /api/users/update/6 HTTP/1.1" 404 159 "-" "PostmanRuntime/7.43.0"
2025-01-24T08:19:17.495Z [:[32minfo[39m] Updated successfully
2025-01-24T08:26:47.231Z [:[32minfo[39m] ::1 - - [24/Jan/2025:08:26:47 +0000] "PATCH /api/users/update/6 HTTP/1.1" 404 159 "-" "PostmanRuntime/7.43.0"
2025-01-24T08:26:49.262Z [:[32minfo[39m] Updated successfully
2025-01-24T08:28:30.257Z [:[32minfo[39m] ::1 - - [24/Jan/2025:08:28:30 +0000] "PATCH /api/users/update/6 HTTP/1.1" 404 159 "-" "PostmanRuntime/7.43.0"
2025-01-24T08:28:32.385Z [:[32minfo[39m] Updated successfully
2025-01-24T08:30:20.369Z [:[32minfo[39m] ::1 - - [24/Jan/2025:08:30:20 +0000] "PATCH /api/users/update/6 HTTP/1.1" 404 159 "-" "PostmanRuntime/7.43.0"
2025-01-24T08:30:22.740Z [:[32minfo[39m] Updated successfully
2025-01-24T08:31:07.861Z [:[32minfo[39m] ::1 - - [24/Jan/2025:08:31:07 +0000] "PATCH /api/users/update/6 HTTP/1.1" 404 159 "-" "PostmanRuntime/7.43.0"
2025-01-24T08:31:09.599Z [:[32minfo[39m] Updated successfully
2025-01-24T08:31:41.168Z [:[32minfo[39m] ::1 - - [24/Jan/2025:08:31:41 +0000] "PATCH /api/users/update/6 HTTP/1.1" 404 159 "-" "PostmanRuntime/7.43.0"
2025-01-24T08:31:43.597Z [:[32minfo[39m] Updated successfully
2025-01-24T08:41:05.916Z [:[32minfo[39m] ::1 - - [24/Jan/2025:08:41:05 +0000] "PATCH /api/users/update/6 HTTP/1.1" 404 159 "-" "PostmanRuntime/7.43.0"
2025-01-24T08:41:08.255Z [:[32minfo[39m] Updated successfully
2025-01-24T08:41:08.256Z [:[31merror[39m] Cannot set headers after they are sent to the client
2025-01-24T08:41:59.977Z [:[32minfo[39m] ::1 - - [24/Jan/2025:08:41:59 +0000] "PATCH /api/users/update/6 HTTP/1.1" 404 159 "-" "PostmanRuntime/7.43.0"
2025-01-24T08:42:02.780Z [:[32minfo[39m] Updated successfully
2025-01-24T08:42:02.781Z [:[31merror[39m] Cannot set headers after they are sent to the client
2025-01-24T08:45:17.358Z [:[32minfo[39m] Updated successfully
2025-01-24T08:45:17.363Z [:[32minfo[39m] ::1 - - [24/Jan/2025:08:45:17 +0000] "PATCH /api/users/update/6 HTTP/1.1" 200 1097 "-" "PostmanRuntime/7.43.0"
2025-01-24T08:46:32.620Z [:[32minfo[39m] Updated successfully
2025-01-24T08:46:32.628Z [:[32minfo[39m] ::1 - - [24/Jan/2025:08:46:32 +0000] "PATCH /api/users/update/6 HTTP/1.1" 200 1097 "-" "PostmanRuntime/7.43.0"
2025-01-24T09:11:32.322Z [:[31merror[39m] Invalid password
2025-01-24T09:11:32.329Z [:[32minfo[39m] ::1 - - [24/Jan/2025:09:11:32 +0000] "POST /api/auth/signin HTTP/1.1" 401 59 "-" "PostmanRuntime/7.43.0"
2025-01-24T09:11:37.151Z [:[31merror[39m] Invalid password
2025-01-24T09:11:37.153Z [:[32minfo[39m] ::1 - - [24/Jan/2025:09:11:37 +0000] "POST /api/auth/signin HTTP/1.1" 401 59 "-" "PostmanRuntime/7.43.0"
2025-01-24T09:11:45.500Z [:[31merror[39m] Invalid password
2025-01-24T09:11:45.502Z [:[32minfo[39m] ::1 - - [24/Jan/2025:09:11:45 +0000] "POST /api/auth/signin HTTP/1.1" 401 59 "-" "PostmanRuntime/7.43.0"
2025-01-24T09:12:46.671Z [:[32minfo[39m] Sign Up successful!!!
2025-01-24T09:12:46.671Z [:[32minfo[39m] ::1 - - [24/Jan/2025:09:12:46 +0000] "POST /api/auth/signup HTTP/1.1" 201 64 "-" "PostmanRuntime/7.43.0"
2025-01-24T09:13:04.148Z [:[32minfo[39m] Login successful!!!
2025-01-24T09:13:04.149Z [:[32minfo[39m] ::1 - - [24/Jan/2025:09:13:04 +0000] "POST /api/auth/signin HTTP/1.1" 200 448 "-" "PostmanRuntime/7.43.0"
2025-01-24T09:14:54.382Z [:[31merror[39m] Access Denied. Can not access other interns.
2025-01-24T09:14:54.384Z [:[32minfo[39m] ::1 - - [24/Jan/2025:09:14:54 +0000] "PATCH /api/users/update/6 HTTP/1.1" 403 87 "-" "PostmanRuntime/7.43.0"
2025-01-24T09:15:05.235Z [:[31merror[39m] Access Denied. Can not access other interns.
2025-01-24T09:15:05.236Z [:[32minfo[39m] ::1 - - [24/Jan/2025:09:15:05 +0000] "PATCH /api/users/update/8 HTTP/1.1" 403 87 "-" "PostmanRuntime/7.43.0"
2025-01-24T09:15:09.541Z [:[31merror[39m] Access Denied. Can not access other interns.
2025-01-24T09:15:09.541Z [:[32minfo[39m] ::1 - - [24/Jan/2025:09:15:09 +0000] "PATCH /api/users/update/9 HTTP/1.1" 403 87 "-" "PostmanRuntime/7.43.0"
2025-01-24T09:15:14.666Z [:[31merror[39m] Access Denied. Can not access other interns.
2025-01-24T09:15:14.668Z [:[32minfo[39m] ::1 - - [24/Jan/2025:09:15:14 +0000] "PATCH /api/users/update/10 HTTP/1.1" 403 87 "-" "PostmanRuntime/7.43.0"
2025-01-24T09:15:20.369Z [:[32minfo[39m] Updated successfully
2025-01-24T09:15:20.371Z [:[32minfo[39m] ::1 - - [24/Jan/2025:09:15:20 +0000] "PATCH /api/users/update/11 HTTP/1.1" 200 1094 "-" "PostmanRuntime/7.43.0"
2025-01-24T09:15:48.077Z [:[32minfo[39m] ::1 - - [24/Jan/2025:09:15:48 +0000] "GET /api/users/11 HTTP/1.1" 200 1001 "-" "PostmanRuntime/7.43.0"
2025-01-24T09:31:02.278Z [:[32minfo[39m] Login successful!!!
2025-01-24T09:31:02.280Z [:[32minfo[39m] ::ffff:192.168.0.123 - - [24/Jan/2025:09:31:02 +0000] "POST /api/auth/signin HTTP/1.1" 200 588 "-" "okhttp/4.12.0"
2025-01-24T09:49:31.853Z [:[31merror[39m] Access Denied. Permission not found
2025-01-24T09:49:31.862Z [:[32minfo[39m] ::1 - - [24/Jan/2025:09:49:31 +0000] "GET /api/users?offset=1&limit=10 HTTP/1.1" 403 78 "-" "PostmanRuntime/7.43.0"
2025-01-24T09:49:50.659Z [:[32minfo[39m] Login successful!!!
2025-01-24T09:49:50.660Z [:[32minfo[39m] ::1 - - [24/Jan/2025:09:49:50 +0000] "POST /api/auth/signin HTTP/1.1" 200 588 "-" "PostmanRuntime/7.43.0"
2025-01-24T09:50:04.932Z [:[31merror[39m] Error in Database
2025-01-24T09:52:31.705Z [:[31merror[39m] Error in Database
2025-01-24T09:52:31.707Z [:[31merror[39m] Database failed: 
Invalid `prisma.users.findUnique()` invocation:


Can't reach database server at `dpg-cu7uv8dumphs73bhp9v0-a.singapore-postgres.render.com:5432`

Please make sure your database server is running at `dpg-cu7uv8dumphs73bhp9v0-a.singapore-postgres.render.com:5432`.
2025-01-24T09:52:39.010Z [:[32minfo[39m] ::1 - - [24/Jan/2025:09:52:39 +0000] "GET /api/users/6 HTTP/1.1" - - "-" "PostmanRuntime/7.43.0"
2025-01-24T09:52:40.907Z [:[32minfo[39m] ::1 - - [24/Jan/2025:09:52:40 +0000] "GET /api/users/6 HTTP/1.1" 200 1133 "-" "PostmanRuntime/7.43.0"
2025-01-24T09:54:13.730Z [:[31merror[39m] Error in Database
2025-01-24T09:55:18.387Z [:[32minfo[39m] ::1 - - [24/Jan/2025:09:55:18 +0000] "GET /api/users HTTP/1.1" 200 1259 "-" "PostmanRuntime/7.43.0"
2025-01-24T09:55:54.066Z [:[32minfo[39m] Fetched successfully!!
2025-01-24T09:55:54.067Z [:[32minfo[39m] ::1 - - [24/Jan/2025:09:55:54 +0000] "POST /api/users?offset=1&limit=10 HTTP/1.1" 200 3339 "-" "PostmanRuntime/7.43.0"
2025-01-24T09:57:05.543Z [:[32minfo[39m] Fetched successfully!!
2025-01-24T09:57:05.544Z [:[32minfo[39m] ::1 - - [24/Jan/2025:09:57:05 +0000] "POST /api/users?offset=1&limit=10 HTTP/1.1" 200 3339 "-" "PostmanRuntime/7.43.0"
2025-01-24T09:57:11.145Z [:[32minfo[39m] Fetched successfully!!
2025-01-24T09:57:11.147Z [:[32minfo[39m] ::1 - - [24/Jan/2025:09:57:11 +0000] "POST /api/users?offset=1&limit=1 HTTP/1.1" 200 3339 "-" "PostmanRuntime/7.43.0"
2025-01-24T09:58:22.129Z [:[32minfo[39m] Fetched successfully!!
2025-01-24T09:58:22.140Z [:[32minfo[39m] ::1 - - [24/Jan/2025:09:58:22 +0000] "POST /api/users?offset=1&limit=1 HTTP/1.1" 200 3339 "-" "PostmanRuntime/7.43.0"
2025-01-24T09:58:51.324Z [:[31merror[39m] Error in User Controller
2025-01-24T09:59:06.968Z [:[31merror[39m] Error in User Controller
2025-01-24T09:59:35.666Z [:[31merror[39m] Error in Database
2025-01-24T09:59:56.643Z [:[32minfo[39m] Fetched successfully!!
2025-01-24T09:59:56.654Z [:[32minfo[39m] ::1 - - [24/Jan/2025:09:59:56 +0000] "POST /api/users?offset=1&limit=1 HTTP/1.1" 200 720 "-" "PostmanRuntime/7.43.0"
2025-01-24T10:01:46.750Z [:[32minfo[39m] Fetched successfully!!
2025-01-24T10:01:46.760Z [:[32minfo[39m] ::1 - - [24/Jan/2025:10:01:46 +0000] "POST /api/users?offset=1&limit=1 HTTP/1.1" 200 720 "-" "PostmanRuntime/7.43.0"
2025-01-24T10:02:12.727Z [:[32minfo[39m] Fetched successfully!!
2025-01-24T10:02:12.729Z [:[32minfo[39m] ::1 - - [24/Jan/2025:10:02:12 +0000] "POST /api/users?offset=1&limit=1 HTTP/1.1" 200 61 "-" "PostmanRuntime/7.43.0"
2025-01-24T10:29:35.850Z [:[31merror[39m] Token not present!!!
2025-01-24T10:29:35.853Z [:[32minfo[39m] ::ffff:192.168.0.123 - - [24/Jan/2025:10:29:35 +0000] "GET /api/users/5 HTTP/1.1" 403 63 "-" "okhttp/4.12.0"
2025-01-24T10:30:05.126Z [:[32minfo[39m] Login successful!!!
2025-01-24T10:30:05.126Z [:[32minfo[39m] ::ffff:192.168.0.123 - - [24/Jan/2025:10:30:05 +0000] "POST /api/auth/signin HTTP/1.1" 200 588 "-" "okhttp/4.12.0"
2025-01-24T10:30:06.678Z [:[32minfo[39m] ::ffff:192.168.0.123 - - [24/Jan/2025:10:30:06 +0000] "GET /api/users/5 HTTP/1.1" 200 606 "-" "okhttp/4.12.0"
2025-01-24T10:30:24.312Z [:[32minfo[39m] ::ffff:192.168.0.123 - - [24/Jan/2025:10:30:24 +0000] "GET /api/users/5 HTTP/1.1" 304 - "-" "okhttp/4.12.0"
2025-01-24T10:32:46.556Z [:[32minfo[39m] Fetched successfully!!
2025-01-24T10:32:46.558Z [:[32minfo[39m] ::1 - - [24/Jan/2025:10:32:46 +0000] "POST /api/users?offset=1&limit=1 HTTP/1.1" 200 61 "-" "PostmanRuntime/7.43.0"
2025-01-24T10:33:01.792Z [:[32minfo[39m] Fetched successfully!!
2025-01-24T10:33:01.794Z [:[32minfo[39m] ::1 - - [24/Jan/2025:10:33:01 +0000] "POST /api/users?offset=1&limit=10 HTTP/1.1" 200 61 "-" "PostmanRuntime/7.43.0"
2025-01-24T10:33:20.710Z [:[32minfo[39m] Fetched successfully!!
2025-01-24T10:33:20.719Z [:[32minfo[39m] ::1 - - [24/Jan/2025:10:33:20 +0000] "POST /api/users?offset=1&limit=10 HTTP/1.1" 200 61 "-" "PostmanRuntime/7.43.0"
2025-01-24T10:35:14.019Z [:[32minfo[39m] Fetched successfully!!
2025-01-24T10:35:14.026Z [:[32minfo[39m] ::1 - - [24/Jan/2025:10:35:14 +0000] "POST /api/users?offset=1&limit=10 HTTP/1.1" 200 61 "-" "PostmanRuntime/7.43.0"
2025-01-24T10:36:12.676Z [:[32minfo[39m] Fetched successfully!!
2025-01-24T10:36:12.683Z [:[32minfo[39m] ::1 - - [24/Jan/2025:10:36:12 +0000] "POST /api/users?offset=1&limit=10 HTTP/1.1" 200 61 "-" "PostmanRuntime/7.43.0"
2025-01-24T10:42:01.646Z [:[32minfo[39m] Fetched successfully!!
2025-01-24T10:42:01.656Z [:[32minfo[39m] ::1 - - [24/Jan/2025:10:42:01 +0000] "POST /api/users?offset=1&limit=10 HTTP/1.1" 200 61 "-" "PostmanRuntime/7.43.0"
2025-01-24T10:43:35.778Z [:[32minfo[39m] Login successful!!!
2025-01-24T10:43:35.779Z [:[32minfo[39m] ::ffff:192.168.0.123 - - [24/Jan/2025:10:43:35 +0000] "POST /api/auth/signin HTTP/1.1" 200 588 "-" "okhttp/4.12.0"
2025-01-24T10:43:36.488Z [:[32minfo[39m] ::ffff:192.168.0.123 - - [24/Jan/2025:10:43:36 +0000] "GET /api/users/5 HTTP/1.1" 304 - "-" "okhttp/4.12.0"
2025-01-24T10:43:50.844Z [:[32minfo[39m] Fetched successfully!!
2025-01-24T10:43:50.846Z [:[32minfo[39m] ::1 - - [24/Jan/2025:10:43:50 +0000] "POST /api/users?offset=1&limit=10 HTTP/1.1" 200 61 "-" "PostmanRuntime/7.43.0"
2025-01-24T10:45:04.814Z [:[32minfo[39m] Fetched successfully!!
2025-01-24T10:45:04.818Z [:[32minfo[39m] ::1 - - [24/Jan/2025:10:45:04 +0000] "POST /api/users?offset=1&limit=10 HTTP/1.1" 200 61 "-" "PostmanRuntime/7.43.0"
2025-01-24T10:47:12.194Z [:[32minfo[39m] Fetched successfully!!
2025-01-24T10:47:12.198Z [:[32minfo[39m] ::1 - - [24/Jan/2025:10:47:12 +0000] "POST /api/users?offset=1&limit=10 HTTP/1.1" 200 61 "-" "PostmanRuntime/7.43.0"
2025-01-24T10:49:01.654Z [:[31merror[39m] Token not present!!!
2025-01-24T10:49:01.655Z [:[32minfo[39m] ::1 - - [24/Jan/2025:10:49:01 +0000] "GET /api/users HTTP/1.1" 403 63 "-" "PostmanRuntime/7.43.0"
2025-01-24T10:49:23.649Z [:[32minfo[39m] ::1 - - [24/Jan/2025:10:49:23 +0000] "GET /api/auth/signin HTTP/1.1" 404 154 "-" "PostmanRuntime/7.43.0"
2025-01-24T10:49:28.311Z [:[32minfo[39m] Login successful!!!
2025-01-24T10:49:28.311Z [:[32minfo[39m] ::1 - - [24/Jan/2025:10:49:28 +0000] "POST /api/auth/signin HTTP/1.1" 200 588 "-" "PostmanRuntime/7.43.0"
2025-01-24T10:49:58.688Z [:[32minfo[39m] ::1 - - [24/Jan/2025:10:49:58 +0000] "GET /api/users?offset=1&limit=10 HTTP/1.1" 200 1259 "-" "PostmanRuntime/7.43.0"
2025-01-24T10:50:23.222Z [:[31merror[39m] Token not present!!!
2025-01-24T10:50:23.223Z [:[32minfo[39m] ::ffff:192.168.0.123 - - [24/Jan/2025:10:50:23 +0000] "GET /api/users/5 HTTP/1.1" 403 63 "-" "okhttp/4.12.0"
2025-01-24T10:50:24.761Z [:[32minfo[39m] Fetched successfully!!
2025-01-24T10:50:24.763Z [:[32minfo[39m] ::1 - - [24/Jan/2025:10:50:24 +0000] "POST /api/users?offset=1&limit=10 HTTP/1.1" 200 61 "-" "PostmanRuntime/7.43.0"
2025-01-24T10:50:33.875Z [:[31merror[39m] Token not present!!!
2025-01-24T10:50:33.876Z [:[32minfo[39m] ::ffff:192.168.0.123 - - [24/Jan/2025:10:50:33 +0000] "GET /api/users/5 HTTP/1.1" 403 63 "-" "okhttp/4.12.0"
2025-01-24T10:50:53.498Z [:[31merror[39m] Token not present!!!
2025-01-24T10:50:53.500Z [:[32minfo[39m] ::ffff:192.168.0.123 - - [24/Jan/2025:10:50:53 +0000] "GET /api/users/5 HTTP/1.1" 403 63 "-" "okhttp/4.12.0"
2025-01-24T10:50:57.026Z [:[32minfo[39m] Fetched successfully!!
2025-01-24T10:50:57.028Z [:[32minfo[39m] ::1 - - [24/Jan/2025:10:50:57 +0000] "POST /api/users?offset=0&limit=10 HTTP/1.1" 200 1066 "-" "PostmanRuntime/7.43.0"
2025-01-24T10:51:32.795Z [:[32minfo[39m] Fetched successfully!!
2025-01-24T10:51:32.796Z [:[32minfo[39m] ::1 - - [24/Jan/2025:10:51:32 +0000] "POST /api/users?offset=0&limit=10 HTTP/1.1" 200 61 "-" "PostmanRuntime/7.43.0"
2025-01-24T10:51:42.436Z [:[32minfo[39m] Fetched successfully!!
2025-01-24T10:51:42.437Z [:[32minfo[39m] ::1 - - [24/Jan/2025:10:51:42 +0000] "POST /api/users?offset=0&limit=10 HTTP/1.1" 200 1065 "-" "PostmanRuntime/7.43.0"
2025-01-24T10:52:31.959Z [:[32minfo[39m] Fetched successfully!!
2025-01-24T10:52:31.961Z [:[32minfo[39m] ::1 - - [24/Jan/2025:10:52:31 +0000] "POST /api/users?offset=1&limit=10 HTTP/1.1" 200 61 "-" "PostmanRuntime/7.43.0"
2025-01-24T10:54:48.223Z [:[32minfo[39m] Fetched successfully!!
2025-01-24T10:54:48.225Z [:[32minfo[39m] ::1 - - [24/Jan/2025:10:54:48 +0000] "POST /api/users?offset=1&limit=10 HTTP/1.1" 200 61 "-" "PostmanRuntime/7.43.0"
2025-01-24T10:54:56.817Z [:[32minfo[39m] Fetched successfully!!
2025-01-24T10:54:56.818Z [:[32minfo[39m] ::1 - - [24/Jan/2025:10:54:56 +0000] "POST /api/users?offset=0&limit=10 HTTP/1.1" 200 61 "-" "PostmanRuntime/7.43.0"
2025-01-24T10:56:13.789Z [:[32minfo[39m] Fetched successfully!!
2025-01-24T10:56:13.790Z [:[32minfo[39m] ::1 - - [24/Jan/2025:10:56:13 +0000] "POST /api/users?offset=0&limit=10 HTTP/1.1" 200 61 "-" "PostmanRuntime/7.43.0"
2025-01-24T10:56:36.365Z [:[32minfo[39m] Fetched successfully!!
2025-01-24T10:56:36.376Z [:[32minfo[39m] ::1 - - [24/Jan/2025:10:56:36 +0000] "POST /api/users?offset=0&limit=10 HTTP/1.1" 200 61 "-" "PostmanRuntime/7.43.0"
2025-01-24T10:56:48.208Z [:[32minfo[39m] Fetched successfully!!
2025-01-24T10:56:48.209Z [:[32minfo[39m] ::1 - - [24/Jan/2025:10:56:48 +0000] "POST /api/users?offset=0&limit=10 HTTP/1.1" 200 61 "-" "PostmanRuntime/7.43.0"
2025-01-24T10:56:55.155Z [:[32minfo[39m] Fetched successfully!!
2025-01-24T10:56:55.157Z [:[32minfo[39m] ::1 - - [24/Jan/2025:10:56:55 +0000] "POST /api/users?offset=1&limit=10 HTTP/1.1" 200 61 "-" "PostmanRuntime/7.43.0"
2025-01-24T10:57:05.645Z [:[32minfo[39m] Fetched successfully!!
2025-01-24T10:57:05.653Z [:[32minfo[39m] ::1 - - [24/Jan/2025:10:57:05 +0000] "POST /api/users?offset=1&limit=10 HTTP/1.1" 200 61 "-" "PostmanRuntime/7.43.0"
2025-01-24T10:57:10.312Z [:[32minfo[39m] Fetched successfully!!
2025-01-24T10:57:10.315Z [:[32minfo[39m] ::1 - - [24/Jan/2025:10:57:10 +0000] "POST /api/users?offset=0&limit=10 HTTP/1.1" 200 61 "-" "PostmanRuntime/7.43.0"
2025-01-24T10:57:21.473Z [:[32minfo[39m] Fetched successfully!!
2025-01-24T10:57:21.475Z [:[32minfo[39m] ::1 - - [24/Jan/2025:10:57:21 +0000] "POST /api/users?offset=0&limit=10 HTTP/1.1" 200 1066 "-" "PostmanRuntime/7.43.0"
2025-01-24T10:57:37.018Z [:[32minfo[39m] Fetched successfully!!
2025-01-24T10:57:37.020Z [:[32minfo[39m] ::1 - - [24/Jan/2025:10:57:37 +0000] "POST /api/users?offset=0&limit=10 HTTP/1.1" 200 1065 "-" "PostmanRuntime/7.43.0"
2025-01-24T10:59:09.995Z [:[32minfo[39m] Login successful!!!
2025-01-24T10:59:09.995Z [:[32minfo[39m] ::ffff:192.168.0.123 - - [24/Jan/2025:10:59:09 +0000] "POST /api/auth/signin HTTP/1.1" 200 588 "-" "okhttp/4.12.0"
2025-01-24T10:59:11.179Z [:[32minfo[39m] ::ffff:192.168.0.123 - - [24/Jan/2025:10:59:11 +0000] "GET /api/users/5 HTTP/1.1" 304 - "-" "okhttp/4.12.0"
2025-01-24T11:02:15.304Z [:[32minfo[39m] Login successful!!!
2025-01-24T11:02:15.305Z [:[32minfo[39m] ::ffff:192.168.0.123 - - [24/Jan/2025:11:02:15 +0000] "POST /api/auth/signin HTTP/1.1" 200 588 "-" "okhttp/4.12.0"
2025-01-24T11:02:15.806Z [:[32minfo[39m] ::ffff:192.168.0.123 - - [24/Jan/2025:11:02:15 +0000] "GET /api/users/5 HTTP/1.1" 304 - "-" "okhttp/4.12.0"
2025-01-24T11:03:56.801Z [:[32minfo[39m] Login successful!!!
2025-01-24T11:03:56.801Z [:[32minfo[39m] ::ffff:192.168.0.123 - - [24/Jan/2025:11:03:56 +0000] "POST /api/auth/signin HTTP/1.1" 200 588 "-" "okhttp/4.12.0"
2025-01-24T11:03:57.286Z [:[32minfo[39m] ::ffff:192.168.0.123 - - [24/Jan/2025:11:03:57 +0000] "GET /api/users/5 HTTP/1.1" 304 - "-" "okhttp/4.12.0"
2025-01-24T11:04:06.208Z [:[31merror[39m] Token not present!!!
2025-01-24T11:04:06.210Z [:[32minfo[39m] ::ffff:192.168.0.123 - - [24/Jan/2025:11:04:06 +0000] "GET /api/users/5 HTTP/1.1" 403 63 "-" "okhttp/4.12.0"
2025-01-24T11:04:25.101Z [:[32minfo[39m] Login successful!!!
2025-01-24T11:04:25.101Z [:[32minfo[39m] ::ffff:192.168.0.123 - - [24/Jan/2025:11:04:25 +0000] "POST /api/auth/signin HTTP/1.1" 200 588 "-" "okhttp/4.12.0"
2025-01-24T11:04:25.695Z [:[32minfo[39m] ::ffff:192.168.0.123 - - [24/Jan/2025:11:04:25 +0000] "GET /api/users/5 HTTP/1.1" 304 - "-" "okhttp/4.12.0"
2025-01-24T11:05:21.637Z [:[32minfo[39m] ::ffff:192.168.0.123 - - [24/Jan/2025:11:05:21 +0000] "GET /api/users/5 HTTP/1.1" 304 - "-" "okhttp/4.12.0"
2025-01-24T11:05:22.989Z [:[32minfo[39m] ::ffff:192.168.0.123 - - [24/Jan/2025:11:05:22 +0000] "GET /api/users/5 HTTP/1.1" 304 - "-" "okhttp/4.12.0"
2025-01-24T12:53:48.766Z [:[31merror[39m] jwt expired
2025-01-24T12:54:04.128Z [:[31merror[39m] Error in Database
2025-01-24T12:54:04.129Z [:[31merror[39m] Database failed: 
Invalid `prisma.users.findUnique()` invocation:


Can't reach database server at `dpg-cu7uv8dumphs73bhp9v0-a.singapore-postgres.render.com:5432`

Please make sure your database server is running at `dpg-cu7uv8dumphs73bhp9v0-a.singapore-postgres.render.com:5432`.
2025-01-24T12:54:07.232Z [:[32minfo[39m] ::1 - - [24/Jan/2025:12:54:07 +0000] "POST /api/auth/signin HTTP/1.1" - - "-" "PostmanRuntime/7.43.0"
2025-01-24T12:54:09.208Z [:[32minfo[39m] Login successful!!!
2025-01-24T12:54:09.209Z [:[32minfo[39m] ::1 - - [24/Jan/2025:12:54:09 +0000] "POST /api/auth/signin HTTP/1.1" 200 588 "-" "PostmanRuntime/7.43.0"
2025-01-24T12:54:14.969Z [:[32minfo[39m] Login successful!!!
2025-01-24T12:54:14.970Z [:[32minfo[39m] ::1 - - [24/Jan/2025:12:54:14 +0000] "POST /api/auth/signin HTTP/1.1" 200 588 "-" "PostmanRuntime/7.43.0"
2025-01-24T12:54:26.959Z [:[32minfo[39m] ::1 - - [24/Jan/2025:12:54:26 +0000] "POST /api/users?offset=0&limit=10 HTTP/1.1" - - "-" "PostmanRuntime/7.43.0"
2025-01-24T12:54:28.111Z [:[32minfo[39m] Fetched successfully!!
2025-01-24T12:54:28.113Z [:[32minfo[39m] ::1 - - [24/Jan/2025:12:54:28 +0000] "POST /api/users?offset=0&limit=10 HTTP/1.1" 200 1065 "-" "PostmanRuntime/7.43.0"
2025-01-24T12:55:03.099Z [:[32minfo[39m] Fetched successfully!!
2025-01-24T12:55:03.100Z [:[32minfo[39m] ::1 - - [24/Jan/2025:12:55:03 +0000] "POST /api/users?offset=0&limit=10 HTTP/1.1" 200 2071 "-" "PostmanRuntime/7.43.0"
2025-01-24T12:55:19.286Z [:[32minfo[39m] Fetched successfully!!
2025-01-24T12:55:19.288Z [:[32minfo[39m] ::1 - - [24/Jan/2025:12:55:19 +0000] "POST /api/users?offset=0&limit=10 HTTP/1.1" 200 3339 "-" "PostmanRuntime/7.43.0"
2025-01-25T17:09:24.468Z [:[32minfo[39m] Login successful!!!
2025-01-25T17:09:24.469Z [:[32minfo[39m] ::1 - - [25/Jan/2025:17:09:24 +0000] "POST /api/auth/signin HTTP/1.1" 200 588 "-" "PostmanRuntime/7.43.0"
2025-01-25T17:10:03.834Z [:[32minfo[39m] Fetched successfully!!
2025-01-25T17:10:03.838Z [:[32minfo[39m] ::1 - - [25/Jan/2025:17:10:03 +0000] "POST /api/users?offset=0&limit=10 HTTP/1.1" 200 3323 "-" "PostmanRuntime/7.43.0"
2025-01-25T17:10:22.487Z [:[32minfo[39m] Fetched successfully!!
2025-01-25T17:10:22.489Z [:[32minfo[39m] ::1 - - [25/Jan/2025:17:10:22 +0000] "POST /api/users?offset=0&limit=10 HTTP/1.1" 200 61 "-" "PostmanRuntime/7.43.0"
2025-01-25T17:10:38.570Z [:[32minfo[39m] Fetched successfully!!
2025-01-25T17:10:38.572Z [:[32minfo[39m] ::1 - - [25/Jan/2025:17:10:38 +0000] "POST /api/users?offset=0&limit=10 HTTP/1.1" 200 3323 "-" "PostmanRuntime/7.43.0"
2025-01-25T17:11:09.734Z [:[32minfo[39m] Fetched successfully!!
2025-01-25T17:11:09.736Z [:[32minfo[39m] ::1 - - [25/Jan/2025:17:11:09 +0000] "POST /api/users?offset=0&limit=10 HTTP/1.1" 200 1056 "-" "PostmanRuntime/7.43.0"
2025-01-25T17:11:28.353Z [:[32minfo[39m] Fetched successfully!!
2025-01-25T17:11:28.355Z [:[32minfo[39m] ::1 - - [25/Jan/2025:17:11:28 +0000] "POST /api/users?offset=0&limit=10 HTTP/1.1" 200 1056 "-" "PostmanRuntime/7.43.0"
2025-01-25T17:11:56.120Z [:[32minfo[39m] Fetched successfully!!
2025-01-25T17:11:56.122Z [:[32minfo[39m] ::1 - - [25/Jan/2025:17:11:56 +0000] "POST /api/users?offset=0&limit=10 HTTP/1.1" 200 1063 "-" "PostmanRuntime/7.43.0"
2025-01-25T17:12:23.657Z [:[32minfo[39m] Fetched successfully!!
2025-01-25T17:12:23.659Z [:[32minfo[39m] ::1 - - [25/Jan/2025:17:12:23 +0000] "POST /api/users?offset=0&limit=10 HTTP/1.1" 200 3323 "-" "PostmanRuntime/7.43.0"
2025-01-25T17:41:57.611Z [:[32minfo[39m] Fetched successfully!!
2025-01-25T17:41:57.614Z [:[32minfo[39m] ::1 - - [25/Jan/2025:17:41:57 +0000] "POST /api/users/search HTTP/1.1" 200 5284 "-" "PostmanRuntime/7.43.0"
2025-01-25T17:42:43.625Z [:[32minfo[39m] Fetched successfully!!
2025-01-25T17:42:43.628Z [:[32minfo[39m] ::1 - - [25/Jan/2025:17:42:43 +0000] "POST /api/users/search HTTP/1.1" 200 5284 "-" "PostmanRuntime/7.43.0"
2025-01-25T17:43:21.700Z [:[32minfo[39m] Fetched successfully!!
2025-01-25T17:43:21.710Z [:[32minfo[39m] ::1 - - [25/Jan/2025:17:43:21 +0000] "POST /api/users/search HTTP/1.1" 200 5284 "-" "PostmanRuntime/7.43.0"
2025-01-25T17:43:40.914Z [:[31merror[39m] Error in Database
2025-01-25T17:44:02.383Z [:[32minfo[39m] Fetched successfully!!
2025-01-25T17:44:02.389Z [:[32minfo[39m] ::1 - - [25/Jan/2025:17:44:02 +0000] "POST /api/users/search HTTP/1.1" 200 1056 "-" "PostmanRuntime/7.43.0"
2025-01-25T17:45:36.078Z [:[32minfo[39m] Fetched successfully!!
2025-01-25T17:45:36.079Z [:[32minfo[39m] ::1 - - [25/Jan/2025:17:45:36 +0000] "POST /api/users/search HTTP/1.1" 200 61 "-" "PostmanRuntime/7.43.0"
2025-01-25T17:45:41.891Z [:[32minfo[39m] Fetched successfully!!
2025-01-25T17:45:41.893Z [:[32minfo[39m] ::1 - - [25/Jan/2025:17:45:41 +0000] "POST /api/users/search HTTP/1.1" 200 61 "-" "PostmanRuntime/7.43.0"
2025-01-25T17:45:51.282Z [:[32minfo[39m] Fetched successfully!!
2025-01-25T17:45:51.282Z [:[32minfo[39m] ::1 - - [25/Jan/2025:17:45:51 +0000] "POST /api/users/search HTTP/1.1" 200 61 "-" "PostmanRuntime/7.43.0"
2025-01-25T17:46:00.327Z [:[32minfo[39m] Fetched successfully!!
2025-01-25T17:46:00.328Z [:[32minfo[39m] ::1 - - [25/Jan/2025:17:46:00 +0000] "POST /api/users/search HTTP/1.1" 200 61 "-" "PostmanRuntime/7.43.0"
2025-01-25T17:46:13.374Z [:[32minfo[39m] Fetched successfully!!
2025-01-25T17:46:13.376Z [:[32minfo[39m] ::1 - - [25/Jan/2025:17:46:13 +0000] "POST /api/users/search HTTP/1.1" 200 1063 "-" "PostmanRuntime/7.43.0"
2025-01-25T17:46:27.732Z [:[32minfo[39m] ::1 - - [25/Jan/2025:17:46:27 +0000] "GET /api/users HTTP/1.1" 200 1245 "-" "PostmanRuntime/7.43.0"
2025-01-25T17:47:02.402Z [:[32minfo[39m] Fetched successfully!!
2025-01-25T17:47:02.404Z [:[32minfo[39m] ::1 - - [25/Jan/2025:17:47:02 +0000] "POST /api/users/search HTTP/1.1" 200 718 "-" "PostmanRuntime/7.43.0"
2025-01-25T17:51:43.839Z [:[32minfo[39m] Fetched successfully!!
2025-01-25T17:51:43.840Z [:[32minfo[39m] ::1 - - [25/Jan/2025:17:51:43 +0000] "POST /api/users/search HTTP/1.1" 200 718 "-" "PostmanRuntime/7.43.0"
2025-01-25T17:55:09.101Z [:[31merror[39m] Error in Database
2025-01-26T16:42:07.436Z [:[31merror[39m] logger is not defined
2025-01-26T16:42:54.721Z [:[32minfo[39m] Login successful!!!
2025-01-26T16:42:54.723Z [:[32minfo[39m] ::1 - - [26/Jan/2025:16:42:54 +0000] "POST /api/auth/signin HTTP/1.1" 200 588 "-" "PostmanRuntime/7.43.0"
2025-01-26T16:43:42.839Z [:[32minfo[39m] Fetched successfully!!
2025-01-26T16:43:42.842Z [:[32minfo[39m] ::1 - - [26/Jan/2025:16:43:42 +0000] "POST /api/users?offset=0&limit=10 HTTP/1.1" 200 6989 "-" "PostmanRuntime/7.43.0"
2025-01-26T16:44:05.405Z [:[32minfo[39m] Fetched successfully!!
2025-01-26T16:44:05.407Z [:[32minfo[39m] ::1 - - [26/Jan/2025:16:44:05 +0000] "POST /api/users?offset=5&limit=5 HTTP/1.1" 200 3124 "-" "PostmanRuntime/7.43.0"
2025-01-26T16:45:09.814Z [:[32minfo[39m] Fetched successfully!!
2025-01-26T16:45:09.815Z [:[32minfo[39m] ::1 - - [26/Jan/2025:16:45:09 +0000] "POST /api/users?offset=0&limit=5 HTTP/1.1" 200 3925 "-" "PostmanRuntime/7.43.0"
2025-01-26T16:45:35.411Z [:[32minfo[39m] Fetched successfully!!
2025-01-26T16:45:35.413Z [:[32minfo[39m] ::1 - - [26/Jan/2025:16:45:35 +0000] "POST /api/users?offset=0&limit=10 HTTP/1.1" 200 6989 "-" "PostmanRuntime/7.43.0"
